2025-03-16 09:42:00,165 [ERROR] [profile.py:323 in clone] - profile with name 'geckordp' already exists
2025-03-16 09:42:15,484 [DEBUG] [utils.py:68 in wait_process_loaded] - expired=True
2025-03-16 09:42:45,560 [DEBUG] [rdp_client.py:345 in connect] - 
2025-03-16 09:42:45,578 [DEBUG] [rdp_client.py:366 in __connect] - Queue read task
2025-03-16 09:42:45,580 [DEBUG] [rdp_client.py:370 in __connect] - Run IO loop
2025-03-16 09:42:45,588 [DEBUG] [rdp_client.py:380 in __open_connection] - Try to open connection
2025-03-16 09:42:45,615 [DEBUG] [rdp_client.py:395 in __open_connection] - Start listening
2025-03-16 09:42:45,903 [DEBUG] [rdp_client.py:675 in __read] - message complete (226 == 226)
2025-03-16 09:42:45,912 [INFO] [rdp_client.py:869 in __print_response] - RESPONSE<-
{
  "from": "root",
  "applicationType": "browser",
  "testConnectionPrefix": "server1.conn0.",
  "traits": {
    "networkMonitor": true,
    "resources": {
      "extensions-backgroundscript-status": true
    },
    "workerConsoleApiMessagesDispatchedToMainThread": true
  }
}
2025-03-16 09:42:45,917 [DEBUG] [rdp_client.py:839 in __handle_single_request] - response valid, set result
2025-03-16 09:42:45,931 [DEBUG] [rdp_client.py:531 in __sync_send_receive] - 
2025-03-16 09:42:45,945 [INFO] [rdp_client.py:557 in __send] - REQUEST->
{
  "to": "root",
  "type": "getRoot"
}
2025-03-16 09:42:45,979 [DEBUG] [rdp_client.py:675 in __read] - message complete (374 == 374)
2025-03-16 09:42:45,985 [INFO] [rdp_client.py:869 in __print_response] - RESPONSE<-
{
  "preferenceActor": "server1.conn0.preferenceActor1",
  "addonsActor": "server1.conn0.addonsActor2",
  "deviceActor": "server1.conn0.deviceActor3",
  "heapSnapshotFileActor": "server1.conn0.heapSnapshotFileActor4",
  "perfActor": "server1.conn0.perfActor5",
  "parentAccessibilityActor": "server1.conn0.parentAccessibilityActor6",
  "screenshotActor": "server1.conn0.screenshotActor7",
  "from": "root"
}
2025-03-16 09:42:46,001 [DEBUG] [rdp_client.py:839 in __handle_single_request] - response valid, set result
2025-03-16 09:42:46,022 [DEBUG] [rdp_client.py:531 in __sync_send_receive] - 
2025-03-16 09:42:46,030 [INFO] [rdp_client.py:557 in __send] - REQUEST->
{
  "to": "root",
  "type": "listProcesses"
}
2025-03-16 09:42:46,137 [DEBUG] [rdp_client.py:675 in __read] - message complete (1477 == 1477)
2025-03-16 09:42:46,154 [INFO] [rdp_client.py:869 in __print_response] - RESPONSE<-
{
  "processes": [
    {
      "actor": "server1.conn0.processDescriptor8",
      "id": 0,
      "isParent": true,
      "isWindowlessParent": false,
      "traits": {
        "watcher": true,
        "supportsReloadDescriptor": true
      }
    },
    {
      "actor": "server1.conn0.processDescriptor9",
      "id": 801599,
      "isParent": false,
      "isWindowlessParent": false,
      "traits": {
        "watcher": false,
        "supportsReloadDescriptor": false
      }
    },
    {
      "actor": "server1.conn0.processDescriptor10",
      "id": 801661,
      "isParent": false,
      "isWindowlessParent": false,
      "traits": {
        "watcher": false,
        "supportsReloadDescriptor": false
      }
    },
    {
      "actor": "server1.conn0.processDescriptor11",
      "id": 801728,
      "isParent": false,
      "isWindowlessParent": false,
      "traits": {
        "watcher": false,
        "supportsReloadDescriptor": false
      }
    },
    {
      "actor": "server1.conn0.processDescriptor12",
      "id": 801729,
      "isParent": false,
      "isWindowlessParent": false,
      "traits": {
        "watcher": false,
        "supportsReloadDescriptor": false
      }
    },
    {
      "actor": "server1.conn0.processDescriptor13",
      "id": 801758,
      "isParent": false,
      "isWindowlessParent": false,
      "traits": {
        "watcher": false,
        "supportsReloadDescriptor": false
      }
    },
    {
      "actor": "server1.conn0.processDescriptor14",
      "id": 801912,
      "isParent": false,
      "isWindowlessParent": false,
      "traits": {
        "watcher": false,
        "supportsReloadDescriptor": false
      }
    },
    {
      "actor": "server1.conn0.processDescriptor15",
      "id": 801939,
      "isParent": false,
      "isWindowlessParent": false,
      "traits": {
        "watcher": false,
        "supportsReloadDescriptor": false
      }
    },
    {
      "actor": "server1.conn0.processDescriptor16",
      "id": 802000,
      "isParent": false,
      "isWindowlessParent": false,
      "traits": {
        "watcher": false,
        "supportsReloadDescriptor": false
      }
    }
  ],
  "from": "root"
}
2025-03-16 09:42:46,167 [DEBUG] [rdp_client.py:839 in __handle_single_request] - response valid, set result
2025-03-16 09:42:46,174 [DEBUG] [rdp_client.py:531 in __sync_send_receive] - 
2025-03-16 09:42:46,183 [INFO] [rdp_client.py:557 in __send] - REQUEST->
{
  "to": "server1.conn0.processDescriptor8",
  "type": "getTarget"
}
2025-03-16 09:42:46,771 [DEBUG] [rdp_client.py:675 in __read] - message complete (1479 == 1479)
2025-03-16 09:42:46,790 [INFO] [rdp_client.py:869 in __print_response] - RESPONSE<-
{
  "process": {
    "actor": "server1.conn0.parentProcessTarget18",
    "browsingContextID": 1,
    "processID": 801461,
    "innerWindowId": 2,
    "topInnerWindowId": 2,
    "isTopLevelTarget": true,
    "isPopup": false,
    "isPrivate": false,
    "isFallbackExtensionDocument": false,
    "traits": {
      "isBrowsingContext": true,
      "supportsTopLevelTargetFlag": true,
      "frames": true,
      "logInPage": true,
      "watchpoints": true,
      "navigation": true
    },
    "title": "Canal Showsport - El Canal de Nuestro Deporte | Canal Showsport \u2014 Mozilla Firefox",
    "url": "chrome://browser/content/browser.xhtml",
    "outerWindowID": 1,
    "consoleActor": "server1.conn0.consoleActor19",
    "inspectorActor": "server1.conn0.inspectorActor20",
    "styleSheetsActor": "server1.conn0.styleSheetsActor21",
    "memoryActor": "server1.conn0.memoryActor22",
    "reflowActor": "server1.conn0.reflowActor23",
    "cssPropertiesActor": "server1.conn0.cssPropertiesActor24",
    "animationsActor": "server1.conn0.animationsActor25",
    "responsiveActor": "server1.conn0.responsiveActor26",
    "webExtensionInspectedWindowActor": "server1.conn0.webExtensionInspectedWindowActor27",
    "accessibilityActor": "server1.conn0.accessibilityActor28",
    "changesActor": "server1.conn0.changesActor29",
    "manifestActor": "server1.conn0.manifestActor30",
    "networkContentActor": "server1.conn0.networkContentActor31",
    "screenshotContentActor": "server1.conn0.screenshotContentActor32",
    "tracerActor": "server1.conn0.tracerActor33",
    "objectsManagerActor": "server1.conn0.objectsManagerActor34",
    "threadActor": "server1.conn0.thread17"
  },
  "from": "server1.conn0.processDescriptor8"
}
2025-03-16 09:42:46,804 [DEBUG] [rdp_client.py:839 in __handle_single_request] - response valid, set result
2025-03-16 09:42:46,816 [DEBUG] [rdp_client.py:531 in __sync_send_receive] - 
2025-03-16 09:42:46,825 [INFO] [rdp_client.py:557 in __send] - REQUEST->
{
  "to": "server1.conn0.processDescriptor9",
  "type": "getTarget"
}
2025-03-16 09:42:46,839 [DEBUG] [rdp_client.py:675 in __read] - message complete (405 == 405)
2025-03-16 09:42:46,844 [INFO] [rdp_client.py:869 in __print_response] - RESPONSE<-
{
  "type": "frameUpdate",
  "frames": [
    {
      "id": 1,
      "isTopLevel": true,
      "url": "chrome://browser/content/browser.xhtml",
      "title": "Canal Showsport - El Canal de Nuestro Deporte | Canal Showsport \u2014 Mozilla Firefox"
    },
    {
      "id": 3,
      "parentID": 1,
      "isTopLevel": false,
      "url": "about:blank",
      "title": ""
    },
    {
      "id": 7,
      "isTopLevel": false,
      "url": "chrome://extensions/content/dummy.xhtml",
      "title": ""
    }
  ],
  "from": "server1.conn0.parentProcessTarget18"
}
2025-03-16 09:42:46,853 [DEBUG] [rdp_client.py:799 in __handle_events] - unhandled event received
2025-03-16 09:42:46,862 [DEBUG] [rdp_client.py:675 in __read] - message complete (405 == 405)
2025-03-16 09:42:46,865 [INFO] [rdp_client.py:869 in __print_response] - RESPONSE<-
{
  "type": "frameUpdate",
  "frames": [
    {
      "id": 1,
      "isTopLevel": true,
      "url": "chrome://browser/content/browser.xhtml",
      "title": "Canal Showsport - El Canal de Nuestro Deporte | Canal Showsport \u2014 Mozilla Firefox"
    },
    {
      "id": 3,
      "parentID": 1,
      "isTopLevel": false,
      "url": "about:blank",
      "title": ""
    },
    {
      "id": 7,
      "isTopLevel": false,
      "url": "chrome://extensions/content/dummy.xhtml",
      "title": ""
    }
  ],
  "from": "server1.conn0.parentProcessTarget18"
}
2025-03-16 09:42:46,876 [DEBUG] [rdp_client.py:799 in __handle_events] - unhandled event received
2025-03-16 09:42:48,839 [DEBUG] [rdp_client.py:675 in __read] - message complete (515 == 515)
2025-03-16 09:42:48,853 [INFO] [rdp_client.py:869 in __print_response] - RESPONSE<-
{
  "process": {
    "actor": "server1.conn0.content-process35/contentProcessTarget1",
    "isXpcShellTarget": false,
    "processID": 801599,
    "remoteType": "webIsolated=https://canalshowsport.com.ar",
    "consoleActor": "server1.conn0.content-process35/console2",
    "memoryActor": "server1.conn0.content-process35/memory4",
    "threadActor": "server1.conn0.content-process35/thread3",
    "tracerActor": "server1.conn0.content-process35/tracer5",
    "traits": {
      "networkMonitor": false,
      "supportsTopLevelTargetFlag": false
    }
  },
  "from": "server1.conn0.processDescriptor9"
}
2025-03-16 09:42:48,858 [DEBUG] [rdp_client.py:839 in __handle_single_request] - response valid, set result
2025-03-16 09:42:48,864 [DEBUG] [rdp_client.py:531 in __sync_send_receive] - 
2025-03-16 09:42:48,876 [INFO] [rdp_client.py:557 in __send] - REQUEST->
{
  "to": "server1.conn0.processDescriptor10",
  "type": "getTarget"
}
2025-03-16 09:42:49,557 [DEBUG] [rdp_client.py:675 in __read] - message complete (484 == 484)
2025-03-16 09:42:49,568 [INFO] [rdp_client.py:869 in __print_response] - RESPONSE<-
{
  "process": {
    "actor": "server1.conn0.content-process36/contentProcessTarget1",
    "isXpcShellTarget": false,
    "processID": 801661,
    "remoteType": "extension",
    "consoleActor": "server1.conn0.content-process36/console2",
    "memoryActor": "server1.conn0.content-process36/memory4",
    "threadActor": "server1.conn0.content-process36/thread3",
    "tracerActor": "server1.conn0.content-process36/tracer5",
    "traits": {
      "networkMonitor": false,
      "supportsTopLevelTargetFlag": false
    }
  },
  "from": "server1.conn0.processDescriptor10"
}
2025-03-16 09:42:49,571 [DEBUG] [rdp_client.py:839 in __handle_single_request] - response valid, set result
2025-03-16 09:42:49,577 [DEBUG] [rdp_client.py:531 in __sync_send_receive] - 
2025-03-16 09:42:49,582 [INFO] [rdp_client.py:557 in __send] - REQUEST->
{
  "to": "server1.conn0.processDescriptor11",
  "type": "getTarget"
}
2025-03-16 09:42:50,355 [DEBUG] [rdp_client.py:675 in __read] - message complete (504 == 504)
2025-03-16 09:42:50,365 [INFO] [rdp_client.py:869 in __print_response] - RESPONSE<-
{
  "process": {
    "actor": "server1.conn0.content-process37/contentProcessTarget1",
    "isXpcShellTarget": false,
    "processID": 801728,
    "remoteType": "webIsolated=https://twitch.tv",
    "consoleActor": "server1.conn0.content-process37/console2",
    "memoryActor": "server1.conn0.content-process37/memory4",
    "threadActor": "server1.conn0.content-process37/thread3",
    "tracerActor": "server1.conn0.content-process37/tracer5",
    "traits": {
      "networkMonitor": false,
      "supportsTopLevelTargetFlag": false
    }
  },
  "from": "server1.conn0.processDescriptor11"
}
2025-03-16 09:42:50,374 [DEBUG] [rdp_client.py:839 in __handle_single_request] - response valid, set result
2025-03-16 09:42:50,381 [DEBUG] [rdp_client.py:531 in __sync_send_receive] - 
2025-03-16 09:42:50,386 [INFO] [rdp_client.py:557 in __send] - REQUEST->
{
  "to": "server1.conn0.processDescriptor12",
  "type": "getTarget"
}
2025-03-16 09:42:51,411 [DEBUG] [rdp_client.py:675 in __read] - message complete (509 == 509)
2025-03-16 09:42:51,429 [INFO] [rdp_client.py:869 in __print_response] - RESPONSE<-
{
  "process": {
    "actor": "server1.conn0.content-process38/contentProcessTarget1",
    "isXpcShellTarget": false,
    "processID": 801729,
    "remoteType": "webIsolated=https://datafactory.la",
    "consoleActor": "server1.conn0.content-process38/console2",
    "memoryActor": "server1.conn0.content-process38/memory4",
    "threadActor": "server1.conn0.content-process38/thread3",
    "tracerActor": "server1.conn0.content-process38/tracer5",
    "traits": {
      "networkMonitor": false,
      "supportsTopLevelTargetFlag": false
    }
  },
  "from": "server1.conn0.processDescriptor12"
}
2025-03-16 09:42:51,432 [DEBUG] [rdp_client.py:839 in __handle_single_request] - response valid, set result
2025-03-16 09:42:51,439 [DEBUG] [rdp_client.py:531 in __sync_send_receive] - 
2025-03-16 09:42:51,497 [INFO] [rdp_client.py:557 in __send] - REQUEST->
{
  "to": "server1.conn0.processDescriptor13",
  "type": "getTarget"
}
2025-03-16 09:42:52,506 [DEBUG] [rdp_client.py:675 in __read] - message complete (505 == 505)
2025-03-16 09:42:52,516 [INFO] [rdp_client.py:869 in __print_response] - RESPONSE<-
{
  "process": {
    "actor": "server1.conn0.content-process39/contentProcessTarget1",
    "isXpcShellTarget": false,
    "processID": 801758,
    "remoteType": "webIsolated=https://google.com",
    "consoleActor": "server1.conn0.content-process39/console2",
    "memoryActor": "server1.conn0.content-process39/memory4",
    "threadActor": "server1.conn0.content-process39/thread3",
    "tracerActor": "server1.conn0.content-process39/tracer5",
    "traits": {
      "networkMonitor": false,
      "supportsTopLevelTargetFlag": false
    }
  },
  "from": "server1.conn0.processDescriptor13"
}
2025-03-16 09:42:52,521 [DEBUG] [rdp_client.py:839 in __handle_single_request] - response valid, set result
2025-03-16 09:42:52,537 [DEBUG] [rdp_client.py:531 in __sync_send_receive] - 
2025-03-16 09:42:52,553 [INFO] [rdp_client.py:557 in __send] - REQUEST->
{
  "to": "server1.conn0.processDescriptor14",
  "type": "getTarget"
}
2025-03-16 09:42:53,102 [DEBUG] [rdp_client.py:675 in __read] - message complete (483 == 483)
2025-03-16 09:42:53,111 [INFO] [rdp_client.py:869 in __print_response] - RESPONSE<-
{
  "process": {
    "actor": "server1.conn0.content-process40/contentProcessTarget1",
    "isXpcShellTarget": false,
    "processID": 801912,
    "remoteType": "prealloc",
    "consoleActor": "server1.conn0.content-process40/console2",
    "memoryActor": "server1.conn0.content-process40/memory4",
    "threadActor": "server1.conn0.content-process40/thread3",
    "tracerActor": "server1.conn0.content-process40/tracer5",
    "traits": {
      "networkMonitor": false,
      "supportsTopLevelTargetFlag": false
    }
  },
  "from": "server1.conn0.processDescriptor14"
}
2025-03-16 09:42:53,121 [DEBUG] [rdp_client.py:839 in __handle_single_request] - response valid, set result
2025-03-16 09:42:53,126 [DEBUG] [rdp_client.py:531 in __sync_send_receive] - 
2025-03-16 09:42:53,130 [INFO] [rdp_client.py:557 in __send] - REQUEST->
{
  "to": "server1.conn0.processDescriptor15",
  "type": "getTarget"
}
2025-03-16 09:42:53,875 [DEBUG] [rdp_client.py:675 in __read] - message complete (483 == 483)
2025-03-16 09:42:53,891 [INFO] [rdp_client.py:869 in __print_response] - RESPONSE<-
{
  "process": {
    "actor": "server1.conn0.content-process41/contentProcessTarget1",
    "isXpcShellTarget": false,
    "processID": 801939,
    "remoteType": "prealloc",
    "consoleActor": "server1.conn0.content-process41/console2",
    "memoryActor": "server1.conn0.content-process41/memory4",
    "threadActor": "server1.conn0.content-process41/thread3",
    "tracerActor": "server1.conn0.content-process41/tracer5",
    "traits": {
      "networkMonitor": false,
      "supportsTopLevelTargetFlag": false
    }
  },
  "from": "server1.conn0.processDescriptor15"
}
2025-03-16 09:42:53,894 [DEBUG] [rdp_client.py:839 in __handle_single_request] - response valid, set result
2025-03-16 09:42:53,900 [DEBUG] [rdp_client.py:531 in __sync_send_receive] - 
2025-03-16 09:42:53,903 [INFO] [rdp_client.py:557 in __send] - REQUEST->
{
  "to": "server1.conn0.processDescriptor16",
  "type": "getTarget"
}
2025-03-16 09:42:54,560 [DEBUG] [rdp_client.py:675 in __read] - message complete (483 == 483)
2025-03-16 09:42:54,565 [INFO] [rdp_client.py:869 in __print_response] - RESPONSE<-
{
  "process": {
    "actor": "server1.conn0.content-process42/contentProcessTarget1",
    "isXpcShellTarget": false,
    "processID": 802000,
    "remoteType": "prealloc",
    "consoleActor": "server1.conn0.content-process42/console2",
    "memoryActor": "server1.conn0.content-process42/memory4",
    "threadActor": "server1.conn0.content-process42/thread3",
    "tracerActor": "server1.conn0.content-process42/tracer5",
    "traits": {
      "networkMonitor": false,
      "supportsTopLevelTargetFlag": false
    }
  },
  "from": "server1.conn0.processDescriptor16"
}
2025-03-16 09:42:54,571 [DEBUG] [rdp_client.py:839 in __handle_single_request] - response valid, set result
2025-03-16 09:42:54,582 [DEBUG] [rdp_client.py:531 in __sync_send_receive] - 
2025-03-16 09:42:54,585 [INFO] [rdp_client.py:557 in __send] - REQUEST->
{
  "to": "root",
  "type": "listTabs"
}
2025-03-16 09:42:54,613 [DEBUG] [rdp_client.py:675 in __read] - message complete (327 == 327)
2025-03-16 09:42:54,618 [INFO] [rdp_client.py:869 in __print_response] - RESPONSE<-
{
  "tabs": [
    {
      "actor": "server1.conn0.tabDescriptor43",
      "browserId": 2,
      "browsingContextID": 3,
      "isZombieTab": false,
      "outerWindowID": 6,
      "selected": true,
      "title": "Canal Showsport - El Canal de Nuestro Deporte | Canal Showsport",
      "traits": {
        "watcher": true,
        "supportsReloadDescriptor": true
      },
      "url": "https://canalshowsport.com.ar/"
    }
  ],
  "from": "root"
}
2025-03-16 09:42:54,624 [DEBUG] [rdp_client.py:839 in __handle_single_request] - response valid, set result
2025-03-16 09:42:54,626 [DEBUG] [rdp_client.py:531 in __sync_send_receive] - 
2025-03-16 09:42:54,634 [INFO] [rdp_client.py:557 in __send] - REQUEST->
{
  "to": "server1.conn0.tabDescriptor43",
  "type": "getTarget"
}
2025-03-16 09:42:55,398 [DEBUG] [rdp_client.py:675 in __read] - message complete (1598 == 1598)
2025-03-16 09:42:55,403 [INFO] [rdp_client.py:869 in __print_response] - RESPONSE<-
{
  "frame": {
    "actor": "server1.conn0.child44/windowGlobalTarget2",
    "browsingContextID": 3,
    "processID": 801599,
    "innerWindowId": 4294967298,
    "topInnerWindowId": 4294967298,
    "isTopLevelTarget": true,
    "isPopup": false,
    "isPrivate": false,
    "isFallbackExtensionDocument": false,
    "traits": {
      "isBrowsingContext": true,
      "supportsTopLevelTargetFlag": true,
      "frames": true,
      "logInPage": true,
      "watchpoints": true,
      "navigation": true
    },
    "title": "Canal Showsport - El Canal de Nuestro Deporte | Canal Showsport",
    "url": "https://canalshowsport.com.ar/",
    "outerWindowID": 6,
    "consoleActor": "server1.conn0.child44/consoleActor3",
    "inspectorActor": "server1.conn0.child44/inspectorActor4",
    "styleSheetsActor": "server1.conn0.child44/styleSheetsActor5",
    "memoryActor": "server1.conn0.child44/memoryActor6",
    "reflowActor": "server1.conn0.child44/reflowActor7",
    "cssPropertiesActor": "server1.conn0.child44/cssPropertiesActor8",
    "animationsActor": "server1.conn0.child44/animationsActor9",
    "responsiveActor": "server1.conn0.child44/responsiveActor10",
    "webExtensionInspectedWindowActor": "server1.conn0.child44/webExtensionInspectedWindowActor11",
    "accessibilityActor": "server1.conn0.child44/accessibilityActor12",
    "changesActor": "server1.conn0.child44/changesActor13",
    "manifestActor": "server1.conn0.child44/manifestActor14",
    "networkContentActor": "server1.conn0.child44/networkContentActor15",
    "screenshotContentActor": "server1.conn0.child44/screenshotContentActor16",
    "tracerActor": "server1.conn0.child44/tracerActor17",
    "objectsManagerActor": "server1.conn0.child44/objectsManagerActor18",
    "threadActor": "server1.conn0.child44/thread1"
  },
  "from": "server1.conn0.tabDescriptor43"
}
2025-03-16 09:42:55,419 [DEBUG] [rdp_client.py:839 in __handle_single_request] - response valid, set result
2025-03-16 09:42:55,436 [DEBUG] [rdp_client.py:531 in __sync_send_receive] - 
2025-03-16 09:42:55,442 [INFO] [rdp_client.py:557 in __send] - REQUEST->
{
  "to": "server1.conn0.parentAccessibilityActor6",
  "type": "bootstrap"
}
2025-03-16 09:42:55,494 [DEBUG] [rdp_client.py:675 in __read] - message complete (101 == 101)
2025-03-16 09:42:55,495 [INFO] [rdp_client.py:869 in __print_response] - RESPONSE<-
{
  "state": {
    "canBeDisabled": true,
    "canBeEnabled": true
  },
  "from": "server1.conn0.parentAccessibilityActor6"
}
2025-03-16 09:42:55,509 [DEBUG] [rdp_client.py:839 in __handle_single_request] - response valid, set result
2025-03-16 09:42:55,517 [DEBUG] [rdp_client.py:531 in __sync_send_receive] - 
2025-03-16 09:42:55,526 [INFO] [rdp_client.py:557 in __send] - REQUEST->
{
  "to": "server1.conn0.parentAccessibilityActor6",
  "type": "enable"
}
2025-03-16 09:42:55,593 [DEBUG] [rdp_client.py:675 in __read] - message complete (100 == 100)
2025-03-16 09:42:55,594 [INFO] [rdp_client.py:869 in __print_response] - RESPONSE<-
{
  "type": "canBeDisabledChange",
  "canBeDisabled": true,
  "from": "server1.conn0.parentAccessibilityActor6"
}
2025-03-16 09:42:55,596 [DEBUG] [rdp_client.py:799 in __handle_events] - unhandled event received
2025-03-16 09:42:55,599 [DEBUG] [rdp_client.py:675 in __read] - message complete (50 == 50)
2025-03-16 09:42:55,605 [INFO] [rdp_client.py:869 in __print_response] - RESPONSE<-
{
  "from": "server1.conn0.parentAccessibilityActor6"
}
2025-03-16 09:42:55,611 [DEBUG] [rdp_client.py:839 in __handle_single_request] - response valid, set result
2025-03-16 09:42:55,618 [DEBUG] [rdp_client.py:531 in __sync_send_receive] - 
2025-03-16 09:42:55,629 [INFO] [rdp_client.py:557 in __send] - REQUEST->
{
  "to": "server1.conn0.child44/consoleActor3",
  "type": "startListeners",
  "listeners": []
}
2025-03-16 09:42:55,678 [DEBUG] [rdp_client.py:675 in __read] - message complete (305 == 305)
2025-03-16 09:42:55,682 [INFO] [rdp_client.py:869 in __print_response] - RESPONSE<-
{
  "type": "frameUpdate",
  "frames": [
    {
      "id": 6,
      "isTopLevel": true,
      "url": "https://canalshowsport.com.ar/",
      "title": "Canal Showsport - El Canal de Nuestro Deporte | Canal Showsport"
    },
    {
      "id": 4294967307,
      "parentID": 6,
      "isTopLevel": false,
      "url": "about:blank",
      "title": ""
    }
  ],
  "from": "server1.conn0.child44/windowGlobalTarget2"
}
2025-03-16 09:42:55,684 [DEBUG] [rdp_client.py:799 in __handle_events] - unhandled event received
2025-03-16 09:42:55,686 [DEBUG] [rdp_client.py:675 in __read] - message complete (305 == 305)
2025-03-16 09:42:55,691 [INFO] [rdp_client.py:869 in __print_response] - RESPONSE<-
{
  "type": "frameUpdate",
  "frames": [
    {
      "id": 6,
      "isTopLevel": true,
      "url": "https://canalshowsport.com.ar/",
      "title": "Canal Showsport - El Canal de Nuestro Deporte | Canal Showsport"
    },
    {
      "id": 4294967307,
      "parentID": 6,
      "isTopLevel": false,
      "url": "about:blank",
      "title": ""
    }
  ],
  "from": "server1.conn0.child44/windowGlobalTarget2"
}
2025-03-16 09:42:55,697 [DEBUG] [rdp_client.py:799 in __handle_events] - unhandled event received
2025-03-16 09:42:55,830 [DEBUG] [rdp_client.py:675 in __read] - message complete (68 == 68)
2025-03-16 09:42:55,838 [INFO] [rdp_client.py:869 in __print_response] - RESPONSE<-
{
  "startedListeners": [],
  "from": "server1.conn0.child44/consoleActor3"
}
2025-03-16 09:42:55,845 [DEBUG] [rdp_client.py:839 in __handle_single_request] - response valid, set result
2025-03-16 09:42:55,853 [DEBUG] [rdp_client.py:531 in __sync_send_receive] - 
2025-03-16 09:42:55,862 [INFO] [rdp_client.py:557 in __send] - REQUEST->
{
  "to": "server1.conn0.child44/thread1",
  "type": "attach",
  "options": {
    "pauseOnExceptions": false,
    "ignoreCaughtExceptions": true,
    "shouldShowOverlay": false,
    "shouldIncludeSavedFrames": true,
    "shouldIncludeAsyncLiveFrames": false,
    "skipBreakpoints": false,
    "logEventBreakpoints": false,
    "observeAsmJS": true,
    "breakpoints": {},
    "eventBreakpoints": []
  }
}
2025-03-16 09:42:57,416 [DEBUG] [rdp_client.py:675 in __read] - message complete (40 == 40)
2025-03-16 09:42:57,425 [INFO] [rdp_client.py:869 in __print_response] - RESPONSE<-
{
  "from": "server1.conn0.child44/thread1"
}
2025-03-16 09:42:57,451 [DEBUG] [rdp_client.py:839 in __handle_single_request] - response valid, set result
2025-03-16 09:42:57,470 [DEBUG] [rdp_client.py:531 in __sync_send_receive] - 
2025-03-16 09:42:57,490 [INFO] [rdp_client.py:557 in __send] - REQUEST->
{
  "to": "server1.conn0.tabDescriptor43",
  "type": "getWatcher",
  "isServerTargetSwitchingEnabled": true,
  "isPopupDebuggingEnabled": false
}
2025-03-16 09:42:57,651 [DEBUG] [rdp_client.py:675 in __read] - message complete (720 == 720)
2025-03-16 09:42:57,674 [INFO] [rdp_client.py:869 in __print_response] - RESPONSE<-
{
  "actor": "server1.conn0.watcher46",
  "traits": {
    "frame": true,
    "process": true,
    "worker": true,
    "service_worker": true,
    "shared_worker": false,
    "content_script": true,
    "resources": {
      "console-message": true,
      "css-change": true,
      "css-message": true,
      "css-registered-properties": true,
      "document-event": true,
      "Cache": true,
      "cookies": true,
      "error-message": true,
      "extension-storage": true,
      "indexed-db": true,
      "local-storage": true,
      "session-storage": true,
      "platform-message": true,
      "network-event": true,
      "network-event-stacktrace": true,
      "reflow": true,
      "stylesheet": true,
      "source": true,
      "thread-state": true,
      "server-sent-event": true,
      "websocket": true,
      "jstracer-trace": true,
      "jstracer-state": true,
      "last-private-context-exit": true
    }
  },
  "from": "server1.conn0.tabDescriptor43"
}
2025-03-16 09:42:57,694 [DEBUG] [rdp_client.py:839 in __handle_single_request] - response valid, set result
2025-03-16 09:42:57,695 [DEBUG] [rdp_client.py:531 in __sync_send_receive] - 
2025-03-16 09:42:57,701 [INFO] [rdp_client.py:557 in __send] - REQUEST->
{
  "to": "server1.conn0.watcher46",
  "type": "watchResources",
  "resourceTypes": [
    "network-event",
    "network-event-stacktrace",
    "document-event"
  ]
}
2025-03-16 09:42:58,136 [DEBUG] [rdp_client.py:675 in __read] - message complete (550 == 550)
2025-03-16 09:42:58,154 [INFO] [rdp_client.py:869 in __print_response] - RESPONSE<-
{
  "type": "newSource",
  "source": {
    "actor": "server1.conn0.child44/source19",
    "extensionName": null,
    "url": "https://canalshowsport.com.ar/wp-content/plugins/elementor-pro/assets/js/posts.aec59265318492b89cb5.bundle.min.js",
    "isBlackBoxed": false,
    "sourceMapBaseURL": "https://canalshowsport.com.ar/wp-content/plugins/elementor-pro/assets/js/posts.aec59265318492b89cb5.bundle.min.js",
    "sourceMapURL": null,
    "introductionType": "scriptElement",
    "isInlineSource": false,
    "sourceStartLine": 1,
    "sourceStartColumn": 0,
    "sourceLength": 3317
  },
  "from": "server1.conn0.child44/thread1"
}
2025-03-16 09:42:58,170 [DEBUG] [rdp_client.py:799 in __handle_events] - unhandled event received
2025-03-16 09:42:58,177 [DEBUG] [rdp_client.py:675 in __read] - message complete (558 == 558)
2025-03-16 09:42:58,188 [INFO] [rdp_client.py:869 in __print_response] - RESPONSE<-
{
  "type": "newSource",
  "source": {
    "actor": "server1.conn0.child44/source20",
    "extensionName": null,
    "url": "https://canalshowsport.com.ar/wp-content/plugins/elementor-pro/assets/js/load-more.8b46f464e573feab5dd7.bundle.min.js",
    "isBlackBoxed": false,
    "sourceMapBaseURL": "https://canalshowsport.com.ar/wp-content/plugins/elementor-pro/assets/js/load-more.8b46f464e573feab5dd7.bundle.min.js",
    "sourceMapURL": null,
    "introductionType": "scriptElement",
    "isInlineSource": false,
    "sourceStartLine": 1,
    "sourceStartColumn": 0,
    "sourceLength": 5346
  },
  "from": "server1.conn0.child44/thread1"
}
2025-03-16 09:42:58,204 [DEBUG] [rdp_client.py:799 in __handle_events] - unhandled event received
2025-03-16 09:42:58,413 [DEBUG] [rdp_client.py:675 in __read] - message complete (34 == 34)
2025-03-16 09:42:58,423 [INFO] [rdp_client.py:869 in __print_response] - RESPONSE<-
{
  "from": "server1.conn0.watcher46"
}
2025-03-16 09:42:58,436 [DEBUG] [rdp_client.py:839 in __handle_single_request] - response valid, set result
2025-03-16 09:42:58,439 [DEBUG] [rdp_client.py:531 in __sync_send_receive] - 
2025-03-16 09:42:58,442 [INFO] [rdp_client.py:557 in __send] - REQUEST->
{
  "to": "server1.conn0.watcher46",
  "type": "getTargetConfigurationActor"
}
2025-03-16 09:42:58,534 [DEBUG] [rdp_client.py:675 in __read] - message complete (639 == 639)
2025-03-16 09:42:58,539 [INFO] [rdp_client.py:869 in __print_response] - RESPONSE<-
{
  "configuration": {
    "actor": "server1.conn0.target-configuration47",
    "configuration": {},
    "traits": {
      "supportedOptions": {
        "cacheDisabled": true,
        "colorSchemeSimulation": true,
        "customFormatters": true,
        "customUserAgent": true,
        "isTracerFeatureEnabled": true,
        "javascriptEnabled": true,
        "overrideDPPX": true,
        "printSimulationEnabled": true,
        "rdmPaneMaxTouchPoints": true,
        "rdmPaneOrientation": true,
        "recordAllocations": true,
        "reloadOnTouchSimulationToggle": true,
        "restoreFocus": true,
        "serviceWorkersTestingEnabled": true,
        "setTabOffline": true,
        "touchEventsOverride": true,
        "tracerOptions": true,
        "useSimpleHighlightersForReducedMotion": true
      }
    }
  },
  "from": "server1.conn0.watcher46"
}
2025-03-16 09:42:58,560 [DEBUG] [rdp_client.py:839 in __handle_single_request] - response valid, set result
2025-03-16 09:42:58,568 [DEBUG] [rdp_client.py:531 in __sync_send_receive] - 
2025-03-16 09:42:58,583 [INFO] [rdp_client.py:557 in __send] - REQUEST->
{
  "to": "server1.conn0.watcher46",
  "type": "getThreadConfigurationActor"
}
2025-03-16 09:42:58,666 [DEBUG] [rdp_client.py:675 in __read] - message complete (99 == 99)
2025-03-16 09:42:58,675 [INFO] [rdp_client.py:869 in __print_response] - RESPONSE<-
{
  "configuration": {
    "actor": "server1.conn0.thread-configuration48"
  },
  "from": "server1.conn0.watcher46"
}
2025-03-16 09:42:58,684 [DEBUG] [rdp_client.py:839 in __handle_single_request] - response valid, set result
2025-03-16 09:42:58,687 [DEBUG] [rdp_client.py:531 in __sync_send_receive] - 
2025-03-16 09:42:58,697 [INFO] [rdp_client.py:557 in __send] - REQUEST->
{
  "to": "server1.conn0.watcher46",
  "type": "watchTargets",
  "targetType": "frame"
}
2025-03-16 09:42:58,850 [DEBUG] [rdp_client.py:675 in __read] - message complete (1898 == 1898)
2025-03-16 09:42:58,855 [INFO] [rdp_client.py:869 in __print_response] - RESPONSE<-
{
  "type": "target-available-form",
  "target": {
    "actor": "server1.conn0.watcher45.process2//windowGlobalTarget2",
    "browsingContextID": 3,
    "processID": 801599,
    "followWindowGlobalLifeCycle": true,
    "innerWindowId": 4294967298,
    "topInnerWindowId": 4294967298,
    "isTopLevelTarget": true,
    "ignoreSubFrames": true,
    "isPopup": false,
    "isPrivate": false,
    "isFallbackExtensionDocument": false,
    "traits": {
      "isBrowsingContext": true,
      "supportsTopLevelTargetFlag": true,
      "frames": true,
      "logInPage": true,
      "watchpoints": true,
      "navigation": true
    },
    "title": "Canal Showsport - El Canal de Nuestro Deporte | Canal Showsport",
    "url": "https://canalshowsport.com.ar/",
    "outerWindowID": 6,
    "consoleActor": "server1.conn0.watcher45.process2//consoleActor3",
    "inspectorActor": "server1.conn0.watcher45.process2//inspectorActor4",
    "styleSheetsActor": "server1.conn0.watcher45.process2//styleSheetsActor5",
    "memoryActor": "server1.conn0.watcher45.process2//memoryActor6",
    "reflowActor": "server1.conn0.watcher45.process2//reflowActor7",
    "cssPropertiesActor": "server1.conn0.watcher45.process2//cssPropertiesActor8",
    "animationsActor": "server1.conn0.watcher45.process2//animationsActor9",
    "responsiveActor": "server1.conn0.watcher45.process2//responsiveActor10",
    "webExtensionInspectedWindowActor": "server1.conn0.watcher45.process2//webExtensionInspectedWindowActor11",
    "accessibilityActor": "server1.conn0.watcher45.process2//accessibilityActor12",
    "changesActor": "server1.conn0.watcher45.process2//changesActor13",
    "manifestActor": "server1.conn0.watcher45.process2//manifestActor14",
    "networkContentActor": "server1.conn0.watcher45.process2//networkContentActor15",
    "screenshotContentActor": "server1.conn0.watcher45.process2//screenshotContentActor16",
    "tracerActor": "server1.conn0.watcher45.process2//tracerActor17",
    "objectsManagerActor": "server1.conn0.watcher45.process2//objectsManagerActor18",
    "threadActor": "server1.conn0.watcher45.process2//thread1"
  },
  "from": "server1.conn0.watcher46"
}
2025-03-16 09:42:58,868 [DEBUG] [rdp_client.py:792 in __handle_events] - [server1.conn0.watcher46][target-available-form] handled
2025-03-16 09:42:58,885 [DEBUG] [rdp_client.py:675 in __read] - message complete (254 == 254)
2025-03-16 09:42:58,887 [INFO] [rdp_client.py:869 in __print_response] - RESPONSE<-
{
  "type": "resources-available-array",
  "array": [
    [
      "document-event",
      [
        {
          "name": "dom-loading",
          "time": 1742128924878,
          "url": "https://canalshowsport.com.ar/",
          "newURI": null,
          "hasNativeConsoleAPI": null
        }
      ]
    ]
  ],
  "from": "server1.conn0.watcher45.process2//windowGlobalTarget2"
}
2025-03-16 09:42:58,888 [DEBUG] [rdp_client.py:799 in __handle_events] - unhandled event received
2025-03-16 09:42:58,905 [DEBUG] [rdp_client.py:675 in __read] - message complete (1877 == 1877)
2025-03-16 09:42:58,910 [INFO] [rdp_client.py:869 in __print_response] - RESPONSE<-
{
  "type": "target-available-form",
  "target": {
    "actor": "server1.conn0.watcher45.process2//windowGlobalTarget20",
    "browsingContextID": 4294967301,
    "processID": 801599,
    "followWindowGlobalLifeCycle": true,
    "innerWindowId": 4294967308,
    "parentInnerWindowId": 4294967298,
    "topInnerWindowId": 4294967298,
    "isTopLevelTarget": false,
    "ignoreSubFrames": true,
    "isPopup": false,
    "isPrivate": false,
    "isFallbackExtensionDocument": false,
    "traits": {
      "isBrowsingContext": true,
      "supportsTopLevelTargetFlag": true,
      "frames": true,
      "logInPage": true,
      "watchpoints": true,
      "navigation": true
    },
    "title": "",
    "url": "about:blank",
    "outerWindowID": 4294967307,
    "consoleActor": "server1.conn0.watcher45.process2//consoleActor21",
    "inspectorActor": "server1.conn0.watcher45.process2//inspectorActor22",
    "styleSheetsActor": "server1.conn0.watcher45.process2//styleSheetsActor23",
    "memoryActor": "server1.conn0.watcher45.process2//memoryActor24",
    "reflowActor": "server1.conn0.watcher45.process2//reflowActor25",
    "cssPropertiesActor": "server1.conn0.watcher45.process2//cssPropertiesActor26",
    "animationsActor": "server1.conn0.watcher45.process2//animationsActor27",
    "responsiveActor": "server1.conn0.watcher45.process2//responsiveActor28",
    "webExtensionInspectedWindowActor": "server1.conn0.watcher45.process2//webExtensionInspectedWindowActor29",
    "accessibilityActor": "server1.conn0.watcher45.process2//accessibilityActor30",
    "changesActor": "server1.conn0.watcher45.process2//changesActor31",
    "manifestActor": "server1.conn0.watcher45.process2//manifestActor32",
    "networkContentActor": "server1.conn0.watcher45.process2//networkContentActor33",
    "screenshotContentActor": "server1.conn0.watcher45.process2//screenshotContentActor34",
    "tracerActor": "server1.conn0.watcher45.process2//tracerActor35",
    "objectsManagerActor": "server1.conn0.watcher45.process2//objectsManagerActor36",
    "threadActor": "server1.conn0.watcher45.process2//thread19"
  },
  "from": "server1.conn0.watcher46"
}
2025-03-16 09:42:58,912 [DEBUG] [rdp_client.py:792 in __handle_events] - [server1.conn0.watcher46][target-available-form] handled
2025-03-16 09:42:58,934 [DEBUG] [rdp_client.py:675 in __read] - message complete (236 == 236)
2025-03-16 09:42:58,950 [INFO] [rdp_client.py:869 in __print_response] - RESPONSE<-
{
  "type": "resources-available-array",
  "array": [
    [
      "document-event",
      [
        {
          "name": "dom-loading",
          "time": 1742128970973,
          "url": "about:blank",
          "newURI": null,
          "hasNativeConsoleAPI": null
        }
      ]
    ]
  ],
  "from": "server1.conn0.watcher45.process2//windowGlobalTarget20"
}
2025-03-16 09:42:58,954 [DEBUG] [rdp_client.py:799 in __handle_events] - unhandled event received
2025-03-16 09:42:58,963 [DEBUG] [rdp_client.py:675 in __read] - message complete (418 == 418)
2025-03-16 09:42:58,982 [INFO] [rdp_client.py:869 in __print_response] - RESPONSE<-
{
  "type": "resources-available-array",
  "array": [
    [
      "document-event",
      [
        {
          "name": "dom-interactive",
          "time": 1742128950399,
          "title": "Canal Showsport - El Canal de Nuestro Deporte | Canal Showsport",
          "url": "https://canalshowsport.com.ar/",
          "newURI": null,
          "hasNativeConsoleAPI": null
        },
        {
          "name": "dom-complete",
          "time": 1742128968803,
          "newURI": null,
          "hasNativeConsoleAPI": true
        }
      ]
    ]
  ],
  "from": "server1.conn0.watcher45.process2//windowGlobalTarget2"
}
2025-03-16 09:42:58,998 [DEBUG] [rdp_client.py:799 in __handle_events] - unhandled event received
2025-03-16 09:42:59,031 [DEBUG] [rdp_client.py:675 in __read] - message complete (337 == 337)
2025-03-16 09:42:59,039 [INFO] [rdp_client.py:869 in __print_response] - RESPONSE<-
{
  "type": "resources-available-array",
  "array": [
    [
      "document-event",
      [
        {
          "name": "dom-interactive",
          "time": 1742128971075,
          "title": "",
          "url": "about:blank",
          "newURI": null,
          "hasNativeConsoleAPI": null
        },
        {
          "name": "dom-complete",
          "time": 1742128971379,
          "newURI": null,
          "hasNativeConsoleAPI": true
        }
      ]
    ]
  ],
  "from": "server1.conn0.watcher45.process2//windowGlobalTarget20"
}
2025-03-16 09:42:59,052 [DEBUG] [rdp_client.py:799 in __handle_events] - unhandled event received
2025-03-16 09:42:59,154 [DEBUG] [rdp_client.py:675 in __read] - message complete (236 == 236)
2025-03-16 09:42:59,164 [INFO] [rdp_client.py:869 in __print_response] - RESPONSE<-
{
  "type": "frameUpdate",
  "frames": [
    {
      "id": 6,
      "isTopLevel": true,
      "url": "https://canalshowsport.com.ar/",
      "title": "Canal Showsport - El Canal de Nuestro Deporte | Canal Showsport"
    }
  ],
  "from": "server1.conn0.watcher45.process2//windowGlobalTarget2"
}
2025-03-16 09:42:59,175 [DEBUG] [rdp_client.py:799 in __handle_events] - unhandled event received
2025-03-16 09:42:59,197 [DEBUG] [rdp_client.py:675 in __read] - message complete (423 == 423)
2025-03-16 09:42:59,201 [INFO] [rdp_client.py:869 in __print_response] - RESPONSE<-
{
  "type": "resources-available-array",
  "array": [
    [
      "network-event-stacktrace",
      [
        {
          "resourceId": 4294967429,
          "stacktraceAvailable": true,
          "lastFrame": {
            "filename": "https://canalshowsport.com.ar/wp-content/plugins/elementor-pro/assets/js/webpack-pro.runtime.min.js?ver=3.27.2",
            "lineNumber": 2,
            "columnNumber": 4597,
            "functionName": "__webpack_require__.l",
            "asyncCause": null
          }
        }
      ]
    ]
  ],
  "from": "server1.conn0.watcher45.process2//windowGlobalTarget2"
}
2025-03-16 09:42:59,210 [DEBUG] [rdp_client.py:799 in __handle_events] - unhandled event received
2025-03-16 09:42:59,602 [DEBUG] [rdp_client.py:675 in __read] - message complete (780 == 780)
2025-03-16 09:42:59,645 [INFO] [rdp_client.py:869 in __print_response] - RESPONSE<-
{
  "type": "resources-available-array",
  "array": [
    [
      "network-event",
      [
        {
          "actor": "server1.conn0.netEvent50",
          "resourceId": 4294967429,
          "resourceType": "network-event",
          "browsingContextID": 3,
          "cause": {
            "loadingDocumentUri": "https://canalshowsport.com.ar/",
            "type": "script"
          },
          "chromeContext": false,
          "innerWindowId": 4294967298,
          "isNavigationRequest": false,
          "isThirdPartyTrackingResource": false,
          "isXHR": false,
          "method": "GET",
          "priority": 0,
          "private": false,
          "referrerPolicy": "strict-origin-when-cross-origin",
          "stacktraceResourceId": 4294967429,
          "startedDateTime": "2025-03-16T12:42:59.430Z",
          "securityFlags": 1032,
          "timeStamp": 1742128979430,
          "timings": {},
          "url": "https://canalshowsport.com.ar/wp-content/plugins/elementor-pro/assets/js/nav-menu.a23fbd67486c5bedf26c.bundle.min.js"
        }
      ]
    ]
  ],
  "from": "server1.conn0.watcher46"
}
2025-03-16 09:42:59,646 [DEBUG] [rdp_client.py:799 in __handle_events] - unhandled event received
2025-03-16 09:42:59,683 [DEBUG] [rdp_client.py:675 in __read] - message complete (2063 == 2063)
2025-03-16 09:42:59,709 [INFO] [rdp_client.py:869 in __print_response] - RESPONSE<-
{
  "type": "target-available-form",
  "target": {
    "actor": "server1.conn0.watcher45.process8//windowGlobalTarget2",
    "browsingContextID": 4294967300,
    "processID": 801758,
    "followWindowGlobalLifeCycle": true,
    "innerWindowId": 17179869185,
    "parentInnerWindowId": 4294967298,
    "topInnerWindowId": 4294967298,
    "isTopLevelTarget": false,
    "ignoreSubFrames": true,
    "isPopup": false,
    "isPrivate": false,
    "isFallbackExtensionDocument": false,
    "traits": {
      "isBrowsingContext": true,
      "supportsTopLevelTargetFlag": true,
      "frames": true,
      "logInPage": true,
      "watchpoints": true,
      "navigation": true
    },
    "title": "reCAPTCHA",
    "url": "https://www.google.com/recaptcha/api2/anchor?ar=1&k=6LdESz8oAAAAAGuG0G-cyJEP-w-KhjQnDTY2Ld9k&co=aHR0cHM6Ly9jYW5hbHNob3dzcG9ydC5jb20uYXI6NDQz&hl=en&v=J79K9xgfxwT6Syzx-UyWdD89&size=invisible&cb=tysjop2drwyv",
    "outerWindowID": 29,
    "consoleActor": "server1.conn0.watcher45.process8//consoleActor3",
    "inspectorActor": "server1.conn0.watcher45.process8//inspectorActor4",
    "styleSheetsActor": "server1.conn0.watcher45.process8//styleSheetsActor5",
    "memoryActor": "server1.conn0.watcher45.process8//memoryActor6",
    "reflowActor": "server1.conn0.watcher45.process8//reflowActor7",
    "cssPropertiesActor": "server1.conn0.watcher45.process8//cssPropertiesActor8",
    "animationsActor": "server1.conn0.watcher45.process8//animationsActor9",
    "responsiveActor": "server1.conn0.watcher45.process8//responsiveActor10",
    "webExtensionInspectedWindowActor": "server1.conn0.watcher45.process8//webExtensionInspectedWindowActor11",
    "accessibilityActor": "server1.conn0.watcher45.process8//accessibilityActor12",
    "changesActor": "server1.conn0.watcher45.process8//changesActor13",
    "manifestActor": "server1.conn0.watcher45.process8//manifestActor14",
    "networkContentActor": "server1.conn0.watcher45.process8//networkContentActor15",
    "screenshotContentActor": "server1.conn0.watcher45.process8//screenshotContentActor16",
    "tracerActor": "server1.conn0.watcher45.process8//tracerActor17",
    "objectsManagerActor": "server1.conn0.watcher45.process8//objectsManagerActor18",
    "threadActor": "server1.conn0.watcher45.process8//thread1"
  },
  "from": "server1.conn0.watcher46"
}
2025-03-16 09:42:59,721 [DEBUG] [rdp_client.py:792 in __handle_events] - [server1.conn0.watcher46][target-available-form] handled
2025-03-16 09:42:59,745 [DEBUG] [rdp_client.py:675 in __read] - message complete (428 == 428)
2025-03-16 09:42:59,747 [INFO] [rdp_client.py:869 in __print_response] - RESPONSE<-
{
  "type": "resources-available-array",
  "array": [
    [
      "document-event",
      [
        {
          "name": "dom-loading",
          "time": 1742128952077,
          "url": "https://www.google.com/recaptcha/api2/anchor?ar=1&k=6LdESz8oAAAAAGuG0G-cyJEP-w-KhjQnDTY2Ld9k&co=aHR0cHM6Ly9jYW5hbHNob3dzcG9ydC5jb20uYXI6NDQz&hl=en&v=J79K9xgfxwT6Syzx-UyWdD89&size=invisible&cb=tysjop2drwyv",
          "newURI": null,
          "hasNativeConsoleAPI": null
        }
      ]
    ]
  ],
  "from": "server1.conn0.watcher45.process8//windowGlobalTarget2"
}
2025-03-16 09:42:59,758 [DEBUG] [rdp_client.py:799 in __handle_events] - unhandled event received
2025-03-16 09:42:59,777 [DEBUG] [rdp_client.py:675 in __read] - message complete (1881 == 1881)
2025-03-16 09:42:59,801 [INFO] [rdp_client.py:869 in __print_response] - RESPONSE<-
{
  "type": "target-available-form",
  "target": {
    "actor": "server1.conn0.watcher45.process8//windowGlobalTarget20",
    "browsingContextID": 17179869185,
    "processID": 801758,
    "followWindowGlobalLifeCycle": true,
    "innerWindowId": 17179869187,
    "parentInnerWindowId": 17179869185,
    "topInnerWindowId": 4294967298,
    "isTopLevelTarget": false,
    "ignoreSubFrames": true,
    "isPopup": false,
    "isPrivate": false,
    "isFallbackExtensionDocument": false,
    "traits": {
      "isBrowsingContext": true,
      "supportsTopLevelTargetFlag": true,
      "frames": true,
      "logInPage": true,
      "watchpoints": true,
      "navigation": true
    },
    "title": "",
    "url": "about:blank",
    "outerWindowID": 17179869186,
    "consoleActor": "server1.conn0.watcher45.process8//consoleActor21",
    "inspectorActor": "server1.conn0.watcher45.process8//inspectorActor22",
    "styleSheetsActor": "server1.conn0.watcher45.process8//styleSheetsActor23",
    "memoryActor": "server1.conn0.watcher45.process8//memoryActor24",
    "reflowActor": "server1.conn0.watcher45.process8//reflowActor25",
    "cssPropertiesActor": "server1.conn0.watcher45.process8//cssPropertiesActor26",
    "animationsActor": "server1.conn0.watcher45.process8//animationsActor27",
    "responsiveActor": "server1.conn0.watcher45.process8//responsiveActor28",
    "webExtensionInspectedWindowActor": "server1.conn0.watcher45.process8//webExtensionInspectedWindowActor29",
    "accessibilityActor": "server1.conn0.watcher45.process8//accessibilityActor30",
    "changesActor": "server1.conn0.watcher45.process8//changesActor31",
    "manifestActor": "server1.conn0.watcher45.process8//manifestActor32",
    "networkContentActor": "server1.conn0.watcher45.process8//networkContentActor33",
    "screenshotContentActor": "server1.conn0.watcher45.process8//screenshotContentActor34",
    "tracerActor": "server1.conn0.watcher45.process8//tracerActor35",
    "objectsManagerActor": "server1.conn0.watcher45.process8//objectsManagerActor36",
    "threadActor": "server1.conn0.watcher45.process8//thread19"
  },
  "from": "server1.conn0.watcher46"
}
2025-03-16 09:42:59,803 [DEBUG] [rdp_client.py:792 in __handle_events] - [server1.conn0.watcher46][target-available-form] handled
2025-03-16 09:42:59,806 [DEBUG] [rdp_client.py:675 in __read] - message complete (236 == 236)
2025-03-16 09:42:59,807 [INFO] [rdp_client.py:869 in __print_response] - RESPONSE<-
{
  "type": "resources-available-array",
  "array": [
    [
      "document-event",
      [
        {
          "name": "dom-loading",
          "time": 1742128970280,
          "url": "about:blank",
          "newURI": null,
          "hasNativeConsoleAPI": null
        }
      ]
    ]
  ],
  "from": "server1.conn0.watcher45.process8//windowGlobalTarget20"
}
2025-03-16 09:42:59,808 [DEBUG] [rdp_client.py:799 in __handle_events] - unhandled event received
2025-03-16 09:42:59,810 [DEBUG] [rdp_client.py:675 in __read] - message complete (538 == 538)
2025-03-16 09:42:59,812 [INFO] [rdp_client.py:869 in __print_response] - RESPONSE<-
{
  "type": "resources-available-array",
  "array": [
    [
      "document-event",
      [
        {
          "name": "dom-interactive",
          "time": 1742128955193,
          "title": "reCAPTCHA",
          "url": "https://www.google.com/recaptcha/api2/anchor?ar=1&k=6LdESz8oAAAAAGuG0G-cyJEP-w-KhjQnDTY2Ld9k&co=aHR0cHM6Ly9jYW5hbHNob3dzcG9ydC5jb20uYXI6NDQz&hl=en&v=J79K9xgfxwT6Syzx-UyWdD89&size=invisible&cb=tysjop2drwyv",
          "newURI": null,
          "hasNativeConsoleAPI": null
        },
        {
          "name": "dom-complete",
          "time": 1742128955924,
          "newURI": null,
          "hasNativeConsoleAPI": true
        }
      ]
    ]
  ],
  "from": "server1.conn0.watcher45.process8//windowGlobalTarget2"
}
2025-03-16 09:42:59,814 [DEBUG] [rdp_client.py:799 in __handle_events] - unhandled event received
2025-03-16 09:42:59,815 [DEBUG] [rdp_client.py:675 in __read] - message complete (337 == 337)
2025-03-16 09:42:59,818 [INFO] [rdp_client.py:869 in __print_response] - RESPONSE<-
{
  "type": "resources-available-array",
  "array": [
    [
      "document-event",
      [
        {
          "name": "dom-interactive",
          "time": 1742128970816,
          "title": "",
          "url": "about:blank",
          "newURI": null,
          "hasNativeConsoleAPI": null
        },
        {
          "name": "dom-complete",
          "time": 1742128970840,
          "newURI": null,
          "hasNativeConsoleAPI": true
        }
      ]
    ]
  ],
  "from": "server1.conn0.watcher45.process8//windowGlobalTarget20"
}
2025-03-16 09:42:59,820 [DEBUG] [rdp_client.py:799 in __handle_events] - unhandled event received
2025-03-16 09:42:59,821 [DEBUG] [rdp_client.py:675 in __read] - message complete (415 == 415)
2025-03-16 09:42:59,824 [INFO] [rdp_client.py:869 in __print_response] - RESPONSE<-
{
  "type": "resources-available-array",
  "array": [
    [
      "network-event-stacktrace",
      [
        {
          "resourceId": 4294967430,
          "stacktraceAvailable": true,
          "lastFrame": {
            "filename": "https://canalshowsport.com.ar/wp-content/plugins/elementor/assets/js/webpack.runtime.min.js?ver=3.27.3",
            "lineNumber": 2,
            "columnNumber": 3497,
            "functionName": "__webpack_require__.l",
            "asyncCause": null
          }
        }
      ]
    ]
  ],
  "from": "server1.conn0.watcher45.process2//windowGlobalTarget2"
}
2025-03-16 09:42:59,825 [DEBUG] [rdp_client.py:799 in __handle_events] - unhandled event received
2025-03-16 09:42:59,829 [DEBUG] [rdp_client.py:675 in __read] - message complete (1972 == 1972)
2025-03-16 09:42:59,836 [INFO] [rdp_client.py:869 in __print_response] - RESPONSE<-
{
  "type": "target-available-form",
  "target": {
    "actor": "server1.conn0.watcher45.process7//windowGlobalTarget2",
    "browsingContextID": 4294967297,
    "processID": 801729,
    "followWindowGlobalLifeCycle": true,
    "innerWindowId": 15032385537,
    "parentInnerWindowId": 4294967298,
    "topInnerWindowId": 4294967298,
    "isTopLevelTarget": false,
    "ignoreSubFrames": true,
    "isPopup": false,
    "isPrivate": false,
    "isFallbackExtensionDocument": false,
    "traits": {
      "isBrowsingContext": true,
      "supportsTopLevelTargetFlag": true,
      "frames": true,
      "logInPage": true,
      "watchpoints": true,
      "navigation": true
    },
    "title": "Minuto a minuto",
    "url": "https://branded.datafactory.la/argentina/html/v3/htmlCenter/data/deportes/futbol/todos/pages/es/agenda.html",
    "outerWindowID": 25,
    "consoleActor": "server1.conn0.watcher45.process7//consoleActor3",
    "inspectorActor": "server1.conn0.watcher45.process7//inspectorActor4",
    "styleSheetsActor": "server1.conn0.watcher45.process7//styleSheetsActor5",
    "memoryActor": "server1.conn0.watcher45.process7//memoryActor6",
    "reflowActor": "server1.conn0.watcher45.process7//reflowActor7",
    "cssPropertiesActor": "server1.conn0.watcher45.process7//cssPropertiesActor8",
    "animationsActor": "server1.conn0.watcher45.process7//animationsActor9",
    "responsiveActor": "server1.conn0.watcher45.process7//responsiveActor10",
    "webExtensionInspectedWindowActor": "server1.conn0.watcher45.process7//webExtensionInspectedWindowActor11",
    "accessibilityActor": "server1.conn0.watcher45.process7//accessibilityActor12",
    "changesActor": "server1.conn0.watcher45.process7//changesActor13",
    "manifestActor": "server1.conn0.watcher45.process7//manifestActor14",
    "networkContentActor": "server1.conn0.watcher45.process7//networkContentActor15",
    "screenshotContentActor": "server1.conn0.watcher45.process7//screenshotContentActor16",
    "tracerActor": "server1.conn0.watcher45.process7//tracerActor17",
    "objectsManagerActor": "server1.conn0.watcher45.process7//objectsManagerActor18",
    "threadActor": "server1.conn0.watcher45.process7//thread1"
  },
  "from": "server1.conn0.watcher46"
}
2025-03-16 09:42:59,840 [DEBUG] [rdp_client.py:792 in __handle_events] - [server1.conn0.watcher46][target-available-form] handled
2025-03-16 09:43:00,575 [DEBUG] [rdp_client.py:675 in __read] - message complete (331 == 331)
2025-03-16 09:43:00,582 [INFO] [rdp_client.py:869 in __print_response] - RESPONSE<-
{
  "type": "resources-available-array",
  "array": [
    [
      "document-event",
      [
        {
          "name": "dom-loading",
          "time": 1742128939614,
          "url": "https://branded.datafactory.la/argentina/html/v3/htmlCenter/data/deportes/futbol/todos/pages/es/agenda.html",
          "newURI": null,
          "hasNativeConsoleAPI": null
        }
      ]
    ]
  ],
  "from": "server1.conn0.watcher45.process7//windowGlobalTarget2"
}
2025-03-16 09:43:00,584 [DEBUG] [rdp_client.py:799 in __handle_events] - unhandled event received
2025-03-16 09:43:00,593 [DEBUG] [rdp_client.py:675 in __read] - message complete (194 == 194)
2025-03-16 09:43:00,617 [INFO] [rdp_client.py:869 in __print_response] - RESPONSE<-
{
  "type": "resources-available-array",
  "array": [
    [
      "network-event-stacktrace",
      [
        {
          "resourceId": 4294967431,
          "stacktraceAvailable": false
        }
      ]
    ]
  ],
  "from": "server1.conn0.watcher45.process2//windowGlobalTarget2"
}
2025-03-16 09:43:00,623 [DEBUG] [rdp_client.py:799 in __handle_events] - unhandled event received
2025-03-16 09:43:00,650 [DEBUG] [rdp_client.py:675 in __read] - message complete (1978 == 1978)
2025-03-16 09:43:00,669 [INFO] [rdp_client.py:869 in __print_response] - RESPONSE<-
{
  "type": "target-available-form",
  "target": {
    "actor": "server1.conn0.watcher45.process7//windowGlobalTarget20",
    "browsingContextID": 4294967299,
    "processID": 801729,
    "followWindowGlobalLifeCycle": true,
    "innerWindowId": 15032385538,
    "parentInnerWindowId": 4294967298,
    "topInnerWindowId": 4294967298,
    "isTopLevelTarget": false,
    "ignoreSubFrames": true,
    "isPopup": false,
    "isPrivate": false,
    "isFallbackExtensionDocument": false,
    "traits": {
      "isBrowsingContext": true,
      "supportsTopLevelTargetFlag": true,
      "frames": true,
      "logInPage": true,
      "watchpoints": true,
      "navigation": true
    },
    "title": "HTML Center Page",
    "url": "https://branded.datafactory.la/argentina/html/v3/index.html?channel=deportes.futbol.primeraa&lang=es_LA",
    "outerWindowID": 27,
    "consoleActor": "server1.conn0.watcher45.process7//consoleActor21",
    "inspectorActor": "server1.conn0.watcher45.process7//inspectorActor22",
    "styleSheetsActor": "server1.conn0.watcher45.process7//styleSheetsActor23",
    "memoryActor": "server1.conn0.watcher45.process7//memoryActor24",
    "reflowActor": "server1.conn0.watcher45.process7//reflowActor25",
    "cssPropertiesActor": "server1.conn0.watcher45.process7//cssPropertiesActor26",
    "animationsActor": "server1.conn0.watcher45.process7//animationsActor27",
    "responsiveActor": "server1.conn0.watcher45.process7//responsiveActor28",
    "webExtensionInspectedWindowActor": "server1.conn0.watcher45.process7//webExtensionInspectedWindowActor29",
    "accessibilityActor": "server1.conn0.watcher45.process7//accessibilityActor30",
    "changesActor": "server1.conn0.watcher45.process7//changesActor31",
    "manifestActor": "server1.conn0.watcher45.process7//manifestActor32",
    "networkContentActor": "server1.conn0.watcher45.process7//networkContentActor33",
    "screenshotContentActor": "server1.conn0.watcher45.process7//screenshotContentActor34",
    "tracerActor": "server1.conn0.watcher45.process7//tracerActor35",
    "objectsManagerActor": "server1.conn0.watcher45.process7//objectsManagerActor36",
    "threadActor": "server1.conn0.watcher45.process7//thread19"
  },
  "from": "server1.conn0.watcher46"
}
2025-03-16 09:43:00,680 [DEBUG] [rdp_client.py:792 in __handle_events] - [server1.conn0.watcher46][target-available-form] handled
2025-03-16 09:43:00,703 [DEBUG] [rdp_client.py:675 in __read] - message complete (328 == 328)
2025-03-16 09:43:00,711 [INFO] [rdp_client.py:869 in __print_response] - RESPONSE<-
{
  "type": "resources-available-array",
  "array": [
    [
      "document-event",
      [
        {
          "name": "dom-loading",
          "time": 1742128942302,
          "url": "https://branded.datafactory.la/argentina/html/v3/index.html?channel=deportes.futbol.primeraa&lang=es_LA",
          "newURI": null,
          "hasNativeConsoleAPI": null
        }
      ]
    ]
  ],
  "from": "server1.conn0.watcher45.process7//windowGlobalTarget20"
}
2025-03-16 09:43:00,739 [DEBUG] [rdp_client.py:799 in __handle_events] - unhandled event received
2025-03-16 09:43:00,756 [DEBUG] [rdp_client.py:675 in __read] - message complete (1881 == 1881)
2025-03-16 09:43:00,772 [INFO] [rdp_client.py:869 in __print_response] - RESPONSE<-
{
  "type": "target-available-form",
  "target": {
    "actor": "server1.conn0.watcher45.process7//windowGlobalTarget38",
    "browsingContextID": 15032385537,
    "processID": 801729,
    "followWindowGlobalLifeCycle": true,
    "innerWindowId": 15032385540,
    "parentInnerWindowId": 15032385538,
    "topInnerWindowId": 4294967298,
    "isTopLevelTarget": false,
    "ignoreSubFrames": true,
    "isPopup": false,
    "isPrivate": false,
    "isFallbackExtensionDocument": false,
    "traits": {
      "isBrowsingContext": true,
      "supportsTopLevelTargetFlag": true,
      "frames": true,
      "logInPage": true,
      "watchpoints": true,
      "navigation": true
    },
    "title": "",
    "url": "about:blank",
    "outerWindowID": 15032385539,
    "consoleActor": "server1.conn0.watcher45.process7//consoleActor39",
    "inspectorActor": "server1.conn0.watcher45.process7//inspectorActor40",
    "styleSheetsActor": "server1.conn0.watcher45.process7//styleSheetsActor41",
    "memoryActor": "server1.conn0.watcher45.process7//memoryActor42",
    "reflowActor": "server1.conn0.watcher45.process7//reflowActor43",
    "cssPropertiesActor": "server1.conn0.watcher45.process7//cssPropertiesActor44",
    "animationsActor": "server1.conn0.watcher45.process7//animationsActor45",
    "responsiveActor": "server1.conn0.watcher45.process7//responsiveActor46",
    "webExtensionInspectedWindowActor": "server1.conn0.watcher45.process7//webExtensionInspectedWindowActor47",
    "accessibilityActor": "server1.conn0.watcher45.process7//accessibilityActor48",
    "changesActor": "server1.conn0.watcher45.process7//changesActor49",
    "manifestActor": "server1.conn0.watcher45.process7//manifestActor50",
    "networkContentActor": "server1.conn0.watcher45.process7//networkContentActor51",
    "screenshotContentActor": "server1.conn0.watcher45.process7//screenshotContentActor52",
    "tracerActor": "server1.conn0.watcher45.process7//tracerActor53",
    "objectsManagerActor": "server1.conn0.watcher45.process7//objectsManagerActor54",
    "threadActor": "server1.conn0.watcher45.process7//thread37"
  },
  "from": "server1.conn0.watcher46"
}
2025-03-16 09:43:00,775 [DEBUG] [rdp_client.py:792 in __handle_events] - [server1.conn0.watcher46][target-available-form] handled
2025-03-16 09:43:00,782 [DEBUG] [rdp_client.py:675 in __read] - message complete (236 == 236)
2025-03-16 09:43:00,785 [INFO] [rdp_client.py:869 in __print_response] - RESPONSE<-
{
  "type": "resources-available-array",
  "array": [
    [
      "document-event",
      [
        {
          "name": "dom-loading",
          "time": 1742128958663,
          "url": "about:blank",
          "newURI": null,
          "hasNativeConsoleAPI": null
        }
      ]
    ]
  ],
  "from": "server1.conn0.watcher45.process7//windowGlobalTarget38"
}
2025-03-16 09:43:00,789 [DEBUG] [rdp_client.py:799 in __handle_events] - unhandled event received
2025-03-16 09:43:00,795 [DEBUG] [rdp_client.py:675 in __read] - message complete (34 == 34)
2025-03-16 09:43:00,802 [INFO] [rdp_client.py:869 in __print_response] - RESPONSE<-
{
  "from": "server1.conn0.watcher46"
}
2025-03-16 09:43:00,812 [DEBUG] [rdp_client.py:839 in __handle_single_request] - response valid, set result
2025-03-16 09:43:00,826 [DEBUG] [rdp_client.py:675 in __read] - message complete (1881 == 1881)
2025-03-16 09:43:00,867 [INFO] [rdp_client.py:869 in __print_response] - RESPONSE<-
{
  "type": "target-available-form",
  "target": {
    "actor": "server1.conn0.watcher45.process7//windowGlobalTarget56",
    "browsingContextID": 15032385538,
    "processID": 801729,
    "followWindowGlobalLifeCycle": true,
    "innerWindowId": 15032385542,
    "parentInnerWindowId": 15032385538,
    "topInnerWindowId": 4294967298,
    "isTopLevelTarget": false,
    "ignoreSubFrames": true,
    "isPopup": false,
    "isPrivate": false,
    "isFallbackExtensionDocument": false,
    "traits": {
      "isBrowsingContext": true,
      "supportsTopLevelTargetFlag": true,
      "frames": true,
      "logInPage": true,
      "watchpoints": true,
      "navigation": true
    },
    "title": "",
    "url": "about:blank",
    "outerWindowID": 15032385541,
    "consoleActor": "server1.conn0.watcher45.process7//consoleActor57",
    "inspectorActor": "server1.conn0.watcher45.process7//inspectorActor58",
    "styleSheetsActor": "server1.conn0.watcher45.process7//styleSheetsActor59",
    "memoryActor": "server1.conn0.watcher45.process7//memoryActor60",
    "reflowActor": "server1.conn0.watcher45.process7//reflowActor61",
    "cssPropertiesActor": "server1.conn0.watcher45.process7//cssPropertiesActor62",
    "animationsActor": "server1.conn0.watcher45.process7//animationsActor63",
    "responsiveActor": "server1.conn0.watcher45.process7//responsiveActor64",
    "webExtensionInspectedWindowActor": "server1.conn0.watcher45.process7//webExtensionInspectedWindowActor65",
    "accessibilityActor": "server1.conn0.watcher45.process7//accessibilityActor66",
    "changesActor": "server1.conn0.watcher45.process7//changesActor67",
    "manifestActor": "server1.conn0.watcher45.process7//manifestActor68",
    "networkContentActor": "server1.conn0.watcher45.process7//networkContentActor69",
    "screenshotContentActor": "server1.conn0.watcher45.process7//screenshotContentActor70",
    "tracerActor": "server1.conn0.watcher45.process7//tracerActor71",
    "objectsManagerActor": "server1.conn0.watcher45.process7//objectsManagerActor72",
    "threadActor": "server1.conn0.watcher45.process7//thread55"
  },
  "from": "server1.conn0.watcher46"
}
2025-03-16 09:43:00,873 [DEBUG] [rdp_client.py:799 in __handle_events] - unhandled event received
2025-03-16 09:43:00,880 [DEBUG] [rdp_client.py:675 in __read] - message complete (236 == 236)
2025-03-16 09:43:00,901 [INFO] [rdp_client.py:869 in __print_response] - RESPONSE<-
{
  "type": "resources-available-array",
  "array": [
    [
      "document-event",
      [
        {
          "name": "dom-loading",
          "time": 1742128959608,
          "url": "about:blank",
          "newURI": null,
          "hasNativeConsoleAPI": null
        }
      ]
    ]
  ],
  "from": "server1.conn0.watcher45.process7//windowGlobalTarget56"
}
2025-03-16 09:43:00,908 [DEBUG] [rdp_client.py:675 in __read] - message complete (2040 == 2040)
2025-03-16 09:43:00,948 [INFO] [rdp_client.py:869 in __print_response] - RESPONSE<-
{
  "type": "target-available-form",
  "target": {
    "actor": "server1.conn0.watcher45.process6//windowGlobalTarget2",
    "browsingContextID": 4294967298,
    "processID": 801728,
    "followWindowGlobalLifeCycle": true,
    "innerWindowId": 12884901889,
    "parentInnerWindowId": 4294967298,
    "topInnerWindowId": 4294967298,
    "isTopLevelTarget": false,
    "ignoreSubFrames": true,
    "isPopup": false,
    "isPrivate": false,
    "isFallbackExtensionDocument": false,
    "traits": {
      "isBrowsingContext": true,
      "supportsTopLevelTargetFlag": true,
      "frames": true,
      "logInPage": true,
      "watchpoints": true,
      "navigation": true
    },
    "title": "Twitch",
    "url": "https://embed.twitch.tv/?autoplay=false&channel=canalshowsport&height=360&layout=video&muted=true&parent=canalshowsport.com.ar&referrer=https%3A%2F%2Fcanalshowsport.com.ar%2F&width=900",
    "outerWindowID": 23,
    "consoleActor": "server1.conn0.watcher45.process6//consoleActor3",
    "inspectorActor": "server1.conn0.watcher45.process6//inspectorActor4",
    "styleSheetsActor": "server1.conn0.watcher45.process6//styleSheetsActor5",
    "memoryActor": "server1.conn0.watcher45.process6//memoryActor6",
    "reflowActor": "server1.conn0.watcher45.process6//reflowActor7",
    "cssPropertiesActor": "server1.conn0.watcher45.process6//cssPropertiesActor8",
    "animationsActor": "server1.conn0.watcher45.process6//animationsActor9",
    "responsiveActor": "server1.conn0.watcher45.process6//responsiveActor10",
    "webExtensionInspectedWindowActor": "server1.conn0.watcher45.process6//webExtensionInspectedWindowActor11",
    "accessibilityActor": "server1.conn0.watcher45.process6//accessibilityActor12",
    "changesActor": "server1.conn0.watcher45.process6//changesActor13",
    "manifestActor": "server1.conn0.watcher45.process6//manifestActor14",
    "networkContentActor": "server1.conn0.watcher45.process6//networkContentActor15",
    "screenshotContentActor": "server1.conn0.watcher45.process6//screenshotContentActor16",
    "tracerActor": "server1.conn0.watcher45.process6//tracerActor17",
    "objectsManagerActor": "server1.conn0.watcher45.process6//objectsManagerActor18",
    "threadActor": "server1.conn0.watcher45.process6//thread1"
  },
  "from": "server1.conn0.watcher46"
}
2025-03-16 09:43:00,967 [DEBUG] [rdp_client.py:799 in __handle_events] - unhandled event received
2025-03-16 09:43:00,979 [DEBUG] [rdp_client.py:675 in __read] - message complete (1881 == 1881)
2025-03-16 09:43:01,014 [INFO] [rdp_client.py:869 in __print_response] - RESPONSE<-
{
  "type": "target-available-form",
  "target": {
    "actor": "server1.conn0.watcher45.process7//windowGlobalTarget74",
    "browsingContextID": 15032385539,
    "processID": 801729,
    "followWindowGlobalLifeCycle": true,
    "innerWindowId": 15032385544,
    "parentInnerWindowId": 15032385538,
    "topInnerWindowId": 4294967298,
    "isTopLevelTarget": false,
    "ignoreSubFrames": true,
    "isPopup": false,
    "isPrivate": false,
    "isFallbackExtensionDocument": false,
    "traits": {
      "isBrowsingContext": true,
      "supportsTopLevelTargetFlag": true,
      "frames": true,
      "logInPage": true,
      "watchpoints": true,
      "navigation": true
    },
    "title": "",
    "url": "about:blank",
    "outerWindowID": 15032385543,
    "consoleActor": "server1.conn0.watcher45.process7//consoleActor75",
    "inspectorActor": "server1.conn0.watcher45.process7//inspectorActor76",
    "styleSheetsActor": "server1.conn0.watcher45.process7//styleSheetsActor77",
    "memoryActor": "server1.conn0.watcher45.process7//memoryActor78",
    "reflowActor": "server1.conn0.watcher45.process7//reflowActor79",
    "cssPropertiesActor": "server1.conn0.watcher45.process7//cssPropertiesActor80",
    "animationsActor": "server1.conn0.watcher45.process7//animationsActor81",
    "responsiveActor": "server1.conn0.watcher45.process7//responsiveActor82",
    "webExtensionInspectedWindowActor": "server1.conn0.watcher45.process7//webExtensionInspectedWindowActor83",
    "accessibilityActor": "server1.conn0.watcher45.process7//accessibilityActor84",
    "changesActor": "server1.conn0.watcher45.process7//changesActor85",
    "manifestActor": "server1.conn0.watcher45.process7//manifestActor86",
    "networkContentActor": "server1.conn0.watcher45.process7//networkContentActor87",
    "screenshotContentActor": "server1.conn0.watcher45.process7//screenshotContentActor88",
    "tracerActor": "server1.conn0.watcher45.process7//tracerActor89",
    "objectsManagerActor": "server1.conn0.watcher45.process7//objectsManagerActor90",
    "threadActor": "server1.conn0.watcher45.process7//thread73"
  },
  "from": "server1.conn0.watcher46"
}
2025-03-16 09:43:01,032 [DEBUG] [rdp_client.py:799 in __handle_events] - unhandled event received
2025-03-16 09:43:01,059 [DEBUG] [rdp_client.py:675 in __read] - message complete (236 == 236)
2025-03-16 09:43:01,086 [INFO] [rdp_client.py:869 in __print_response] - RESPONSE<-
{
  "type": "resources-available-array",
  "array": [
    [
      "document-event",
      [
        {
          "name": "dom-loading",
          "time": 1742128959919,
          "url": "about:blank",
          "newURI": null,
          "hasNativeConsoleAPI": null
        }
      ]
    ]
  ],
  "from": "server1.conn0.watcher45.process7//windowGlobalTarget74"
}
2025-03-16 09:43:01,090 [DEBUG] [rdp_client.py:675 in __read] - message complete (447 == 447)
2025-03-16 09:43:01,114 [INFO] [rdp_client.py:869 in __print_response] - RESPONSE<-
{
  "type": "resources-available-array",
  "array": [
    [
      "document-event",
      [
        {
          "name": "dom-interactive",
          "time": 1742128949165,
          "title": "Minuto a minuto",
          "url": "https://branded.datafactory.la/argentina/html/v3/htmlCenter/data/deportes/futbol/todos/pages/es/agenda.html",
          "newURI": null,
          "hasNativeConsoleAPI": null
        },
        {
          "name": "dom-complete",
          "time": 1742128949549,
          "newURI": null,
          "hasNativeConsoleAPI": true
        }
      ]
    ]
  ],
  "from": "server1.conn0.watcher45.process7//windowGlobalTarget2"
}
2025-03-16 09:43:01,126 [DEBUG] [rdp_client.py:675 in __read] - message complete (445 == 445)
2025-03-16 09:43:01,133 [INFO] [rdp_client.py:869 in __print_response] - RESPONSE<-
{
  "type": "resources-available-array",
  "array": [
    [
      "document-event",
      [
        {
          "name": "dom-interactive",
          "time": 1742128949038,
          "title": "HTML Center Page",
          "url": "https://branded.datafactory.la/argentina/html/v3/index.html?channel=deportes.futbol.primeraa&lang=es_LA",
          "newURI": null,
          "hasNativeConsoleAPI": null
        },
        {
          "name": "dom-complete",
          "time": 1742128949576,
          "newURI": null,
          "hasNativeConsoleAPI": true
        }
      ]
    ]
  ],
  "from": "server1.conn0.watcher45.process7//windowGlobalTarget20"
}
2025-03-16 09:43:01,152 [DEBUG] [rdp_client.py:675 in __read] - message complete (337 == 337)
2025-03-16 09:43:01,162 [INFO] [rdp_client.py:869 in __print_response] - RESPONSE<-
{
  "type": "resources-available-array",
  "array": [
    [
      "document-event",
      [
        {
          "name": "dom-interactive",
          "time": 1742128958817,
          "title": "",
          "url": "about:blank",
          "newURI": null,
          "hasNativeConsoleAPI": null
        },
        {
          "name": "dom-complete",
          "time": 1742128958875,
          "newURI": null,
          "hasNativeConsoleAPI": true
        }
      ]
    ]
  ],
  "from": "server1.conn0.watcher45.process7//windowGlobalTarget38"
}
2025-03-16 09:43:01,177 [DEBUG] [rdp_client.py:675 in __read] - message complete (337 == 337)
2025-03-16 09:43:01,198 [INFO] [rdp_client.py:869 in __print_response] - RESPONSE<-
{
  "type": "resources-available-array",
  "array": [
    [
      "document-event",
      [
        {
          "name": "dom-interactive",
          "time": 1742128959681,
          "title": "",
          "url": "about:blank",
          "newURI": null,
          "hasNativeConsoleAPI": null
        },
        {
          "name": "dom-complete",
          "time": 1742128959691,
          "newURI": null,
          "hasNativeConsoleAPI": true
        }
      ]
    ]
  ],
  "from": "server1.conn0.watcher45.process7//windowGlobalTarget56"
}
2025-03-16 09:43:01,206 [DEBUG] [rdp_client.py:675 in __read] - message complete (337 == 337)
2025-03-16 09:43:01,213 [INFO] [rdp_client.py:869 in __print_response] - RESPONSE<-
{
  "type": "resources-available-array",
  "array": [
    [
      "document-event",
      [
        {
          "name": "dom-interactive",
          "time": 1742128959978,
          "title": "",
          "url": "about:blank",
          "newURI": null,
          "hasNativeConsoleAPI": null
        },
        {
          "name": "dom-complete",
          "time": 1742128959987,
          "newURI": null,
          "hasNativeConsoleAPI": true
        }
      ]
    ]
  ],
  "from": "server1.conn0.watcher45.process7//windowGlobalTarget74"
}
2025-03-16 09:43:01,217 [DEBUG] [rdp_client.py:675 in __read] - message complete (408 == 408)
2025-03-16 09:43:01,234 [INFO] [rdp_client.py:869 in __print_response] - RESPONSE<-
{
  "type": "resources-available-array",
  "array": [
    [
      "document-event",
      [
        {
          "name": "dom-loading",
          "time": 1742128939851,
          "url": "https://embed.twitch.tv/?autoplay=false&channel=canalshowsport&height=360&layout=video&muted=true&parent=canalshowsport.com.ar&referrer=https%3A%2F%2Fcanalshowsport.com.ar%2F&width=900",
          "newURI": null,
          "hasNativeConsoleAPI": null
        }
      ]
    ]
  ],
  "from": "server1.conn0.watcher45.process6//windowGlobalTarget2"
}
2025-03-16 09:43:01,235 [DEBUG] [rdp_client.py:675 in __read] - message complete (515 == 515)
2025-03-16 09:43:01,247 [INFO] [rdp_client.py:869 in __print_response] - RESPONSE<-
{
  "type": "resources-available-array",
  "array": [
    [
      "document-event",
      [
        {
          "name": "dom-interactive",
          "time": 1742128947003,
          "title": "Twitch",
          "url": "https://embed.twitch.tv/?autoplay=false&channel=canalshowsport&height=360&layout=video&muted=true&parent=canalshowsport.com.ar&referrer=https%3A%2F%2Fcanalshowsport.com.ar%2F&width=900",
          "newURI": null,
          "hasNativeConsoleAPI": null
        },
        {
          "name": "dom-complete",
          "time": 1742128963198,
          "newURI": null,
          "hasNativeConsoleAPI": true
        }
      ]
    ]
  ],
  "from": "server1.conn0.watcher45.process6//windowGlobalTarget2"
}
2025-03-16 09:43:01,262 [DEBUG] [rdp_client.py:675 in __read] - message complete (398 == 398)
2025-03-16 09:43:01,274 [INFO] [rdp_client.py:869 in __print_response] - RESPONSE<-
{
  "type": "resources-available-array",
  "array": [
    [
      "network-event-stacktrace",
      [
        {
          "resourceId": 15032385667,
          "stacktraceAvailable": true,
          "lastFrame": {
            "filename": "https://branded.datafactory.la/argentina/html/v3/minapp/assets/libs/jquery/jquery-3.5.1.min.js?v=2.0",
            "lineNumber": 2,
            "columnNumber": 82613,
            "functionName": "send",
            "asyncCause": null
          }
        }
      ]
    ]
  ],
  "from": "server1.conn0.watcher45.process7//windowGlobalTarget2"
}
2025-03-16 09:43:01,289 [DEBUG] [rdp_client.py:675 in __read] - message complete (398 == 398)
2025-03-16 09:43:01,294 [INFO] [rdp_client.py:869 in __print_response] - RESPONSE<-
{
  "type": "resources-available-array",
  "array": [
    [
      "network-event-stacktrace",
      [
        {
          "resourceId": 15032385668,
          "stacktraceAvailable": true,
          "lastFrame": {
            "filename": "https://branded.datafactory.la/argentina/html/v3/minapp/assets/libs/jquery/jquery-3.5.1.min.js?v=2.0",
            "lineNumber": 2,
            "columnNumber": 82613,
            "functionName": "send",
            "asyncCause": null
          }
        }
      ]
    ]
  ],
  "from": "server1.conn0.watcher45.process7//windowGlobalTarget2"
}
2025-03-16 09:43:01,319 [DEBUG] [rdp_client.py:675 in __read] - message complete (779 == 779)
2025-03-16 09:43:01,332 [INFO] [rdp_client.py:869 in __print_response] - RESPONSE<-
{
  "type": "resources-available-array",
  "array": [
    [
      "network-event",
      [
        {
          "actor": "server1.conn0.netEvent51",
          "resourceId": 4294967430,
          "resourceType": "network-event",
          "browsingContextID": 3,
          "cause": {
            "loadingDocumentUri": "https://canalshowsport.com.ar/",
            "type": "script"
          },
          "chromeContext": false,
          "innerWindowId": 4294967298,
          "isNavigationRequest": false,
          "isThirdPartyTrackingResource": false,
          "isXHR": false,
          "method": "GET",
          "priority": 0,
          "private": false,
          "referrerPolicy": "strict-origin-when-cross-origin",
          "stacktraceResourceId": 4294967430,
          "startedDateTime": "2025-03-16T12:43:00.566Z",
          "securityFlags": 1032,
          "timeStamp": 1742128980566,
          "timings": {},
          "url": "https://canalshowsport.com.ar/wp-content/plugins/elementor/assets/js/text-editor.c084ef86600b6f11690d.bundle.min.js"
        }
      ]
    ]
  ],
  "from": "server1.conn0.watcher46"
}
2025-03-16 09:43:01,415 [DEBUG] [rdp_client.py:792 in __handle_events] - [server1.conn0.watcher46][resources-available-array] handled
2025-03-16 09:43:01,417 [DEBUG] [rdp_client.py:675 in __read] - message complete (756 == 756)
2025-03-16 09:43:01,437 [DEBUG] [rdp_client.py:531 in __sync_send_receive] - 
2025-03-16 09:43:01,440 [INFO] [rdp_client.py:869 in __print_response] - RESPONSE<-
{
  "type": "resources-updated-array",
  "array": [
    [
      "network-event",
      [
        {
          "resourceId": 4294967429,
          "resourceUpdates": {
            "requestCookiesAvailable": true,
            "requestHeadersAvailable": true,
            "httpVersion": "HTTP/3",
            "status": "200",
            "statusText": "",
            "earlyHintsStatus": "",
            "remoteAddress": "104.21.75.35",
            "remotePort": 443,
            "mimeType": "application/javascript",
            "waitingTime": 88,
            "isResolvedByTRR": false,
            "responseHeadersAvailable": true,
            "responseCookiesAvailable": true,
            "responseStartAvailable": true,
            "totalTime": 98,
            "eventTimingsAvailable": true,
            "securityState": "secure",
            "isRacing": false,
            "securityInfoAvailable": true,
            "contentSize": 5282,
            "transferredSize": 2872,
            "blockedReason": 0,
            "responseContentAvailable": true
          },
          "browsingContextID": 3,
          "innerWindowId": 4294967298
        }
      ]
    ]
  ],
  "from": "server1.conn0.watcher46"
}
2025-03-16 09:43:01,441 [DEBUG] [rdp_client.py:799 in __handle_events] - unhandled event received
2025-03-16 09:43:01,443 [DEBUG] [rdp_client.py:675 in __read] - message complete (556 == 556)
2025-03-16 09:43:01,451 [INFO] [rdp_client.py:869 in __print_response] - RESPONSE<-
{
  "type": "newSource",
  "source": {
    "actor": "server1.conn0.child44/source21",
    "extensionName": null,
    "url": "https://canalshowsport.com.ar/wp-content/plugins/elementor-pro/assets/js/nav-menu.a23fbd67486c5bedf26c.bundle.min.js",
    "isBlackBoxed": false,
    "sourceMapBaseURL": "https://canalshowsport.com.ar/wp-content/plugins/elementor-pro/assets/js/nav-menu.a23fbd67486c5bedf26c.bundle.min.js",
    "sourceMapURL": null,
    "introductionType": "scriptElement",
    "isInlineSource": false,
    "sourceStartLine": 1,
    "sourceStartColumn": 0,
    "sourceLength": 5282
  },
  "from": "server1.conn0.child44/thread1"
}
2025-03-16 09:43:01,461 [DEBUG] [rdp_client.py:799 in __handle_events] - unhandled event received
2025-03-16 09:43:01,474 [DEBUG] [rdp_client.py:675 in __read] - message complete (765 == 765)
2025-03-16 09:43:01,501 [INFO] [rdp_client.py:869 in __print_response] - RESPONSE<-
{
  "type": "resources-available-array",
  "array": [
    [
      "network-event",
      [
        {
          "actor": "server1.conn0.netEvent53",
          "resourceId": 4294967431,
          "resourceType": "network-event",
          "browsingContextID": 3,
          "cause": {
            "loadingDocumentUri": "https://canalshowsport.com.ar/",
            "type": "img"
          },
          "chromeContext": false,
          "innerWindowId": 4294967298,
          "isNavigationRequest": false,
          "isThirdPartyTrackingResource": false,
          "isXHR": false,
          "method": "GET",
          "priority": 10,
          "private": false,
          "referrerPolicy": "strict-origin-when-cross-origin",
          "stacktraceResourceId": 4294967431,
          "startedDateTime": "2025-03-16T12:43:00.672Z",
          "securityFlags": 1028,
          "timeStamp": 1742128980672,
          "timings": {},
          "url": "https://canalshowsport.com.ar/wp-content/uploads/2021/11/2021-11-logo-SS-Desplegable-byExpectacionb.png"
        }
      ]
    ]
  ],
  "from": "server1.conn0.watcher46"
}
2025-03-16 09:43:01,533 [DEBUG] [rdp_client.py:792 in __handle_events] - [server1.conn0.watcher46][resources-available-array] handled
2025-03-16 09:43:01,537 [DEBUG] [rdp_client.py:675 in __read] - message complete (874 == 874)
2025-03-16 09:43:01,580 [INFO] [rdp_client.py:869 in __print_response] - RESPONSE<-
{
  "type": "resources-available-array",
  "array": [
    [
      "network-event",
      [
        {
          "actor": "server1.conn0.netEvent54",
          "resourceId": 15032385667,
          "resourceType": "network-event",
          "browsingContextID": 4294967297,
          "cause": {
            "loadingDocumentUri": "https://branded.datafactory.la/argentina/html/v3/htmlCenter/data/deportes/futbol/todos/pages/es/agenda.html",
            "type": "xhr"
          },
          "chromeContext": false,
          "innerWindowId": 15032385537,
          "isNavigationRequest": false,
          "isThirdPartyTrackingResource": false,
          "isXHR": true,
          "method": "GET",
          "priority": 0,
          "private": false,
          "referrerPolicy": "strict-origin-when-cross-origin",
          "stacktraceResourceId": 15032385667,
          "startedDateTime": "2025-03-16T12:43:00.693Z",
          "securityFlags": 144,
          "timeStamp": 1742128980693,
          "timings": {},
          "url": "https://branded.datafactory.la/argentina/html/v3/htmlCenter/data/deportes/futbol/italia/events/746402.mam.json?_=1742128946618"
        }
      ]
    ]
  ],
  "from": "server1.conn0.watcher46"
}
2025-03-16 09:43:01,640 [DEBUG] [rdp_client.py:792 in __handle_events] - [server1.conn0.watcher46][resources-available-array] handled
2025-03-16 09:43:01,642 [DEBUG] [rdp_client.py:675 in __read] - message complete (874 == 874)
2025-03-16 09:43:01,670 [INFO] [rdp_client.py:869 in __print_response] - RESPONSE<-
{
  "type": "resources-available-array",
  "array": [
    [
      "network-event",
      [
        {
          "actor": "server1.conn0.netEvent55",
          "resourceId": 15032385668,
          "resourceType": "network-event",
          "browsingContextID": 4294967297,
          "cause": {
            "loadingDocumentUri": "https://branded.datafactory.la/argentina/html/v3/htmlCenter/data/deportes/futbol/todos/pages/es/agenda.html",
            "type": "xhr"
          },
          "chromeContext": false,
          "innerWindowId": 15032385537,
          "isNavigationRequest": false,
          "isThirdPartyTrackingResource": false,
          "isXHR": true,
          "method": "GET",
          "priority": 0,
          "private": false,
          "referrerPolicy": "strict-origin-when-cross-origin",
          "stacktraceResourceId": 15032385668,
          "startedDateTime": "2025-03-16T12:43:00.801Z",
          "securityFlags": 144,
          "timeStamp": 1742128980801,
          "timings": {},
          "url": "https://branded.datafactory.la/argentina/html/v3/htmlCenter/data/deportes/futbol/espana/events/747851.mam.json?_=1742128946619"
        }
      ]
    ]
  ],
  "from": "server1.conn0.watcher46"
}
2025-03-16 09:43:01,673 [DEBUG] [rdp_client.py:792 in __handle_events] - [server1.conn0.watcher46][resources-available-array] handled
2025-03-16 09:43:01,682 [DEBUG] [rdp_client.py:675 in __read] - message complete (756 == 756)
2025-03-16 09:43:01,712 [INFO] [rdp_client.py:869 in __print_response] - RESPONSE<-
{
  "type": "resources-updated-array",
  "array": [
    [
      "network-event",
      [
        {
          "resourceId": 4294967430,
          "resourceUpdates": {
            "requestCookiesAvailable": true,
            "requestHeadersAvailable": true,
            "httpVersion": "HTTP/3",
            "status": "200",
            "statusText": "",
            "earlyHintsStatus": "",
            "remoteAddress": "104.21.75.35",
            "remotePort": 443,
            "mimeType": "application/javascript",
            "waitingTime": 72,
            "isResolvedByTRR": false,
            "responseHeadersAvailable": true,
            "responseCookiesAvailable": true,
            "responseStartAvailable": true,
            "totalTime": 72,
            "eventTimingsAvailable": true,
            "securityState": "secure",
            "isRacing": false,
            "securityInfoAvailable": true,
            "contentSize": 1394,
            "transferredSize": 1670,
            "blockedReason": 0,
            "responseContentAvailable": true
          },
          "browsingContextID": 3,
          "innerWindowId": 4294967298
        }
      ]
    ]
  ],
  "from": "server1.conn0.watcher46"
}
2025-03-16 09:43:01,716 [DEBUG] [rdp_client.py:799 in __handle_events] - unhandled event received
2025-03-16 09:43:01,729 [DEBUG] [rdp_client.py:675 in __read] - message complete (743 == 743)
2025-03-16 09:43:01,754 [INFO] [rdp_client.py:869 in __print_response] - RESPONSE<-
{
  "type": "resources-updated-array",
  "array": [
    [
      "network-event",
      [
        {
          "resourceId": 4294967431,
          "resourceUpdates": {
            "requestCookiesAvailable": true,
            "requestHeadersAvailable": true,
            "httpVersion": "HTTP/3",
            "status": "200",
            "statusText": "",
            "earlyHintsStatus": "",
            "remoteAddress": "104.21.75.35",
            "remotePort": 443,
            "mimeType": "image/png",
            "waitingTime": 72,
            "isResolvedByTRR": false,
            "responseHeadersAvailable": true,
            "responseCookiesAvailable": true,
            "responseStartAvailable": true,
            "totalTime": 79,
            "eventTimingsAvailable": true,
            "securityState": "secure",
            "isRacing": false,
            "securityInfoAvailable": true,
            "contentSize": 3087,
            "transferredSize": 4068,
            "blockedReason": 0,
            "responseContentAvailable": true
          },
          "browsingContextID": 3,
          "innerWindowId": 4294967298
        }
      ]
    ]
  ],
  "from": "server1.conn0.watcher46"
}
2025-03-16 09:43:01,789 [DEBUG] [rdp_client.py:799 in __handle_events] - unhandled event received
2025-03-16 09:43:01,797 [DEBUG] [rdp_client.py:675 in __read] - message complete (554 == 554)
2025-03-16 09:43:01,799 [INFO] [rdp_client.py:869 in __print_response] - RESPONSE<-
{
  "type": "newSource",
  "source": {
    "actor": "server1.conn0.child44/source22",
    "extensionName": null,
    "url": "https://canalshowsport.com.ar/wp-content/plugins/elementor/assets/js/text-editor.c084ef86600b6f11690d.bundle.min.js",
    "isBlackBoxed": false,
    "sourceMapBaseURL": "https://canalshowsport.com.ar/wp-content/plugins/elementor/assets/js/text-editor.c084ef86600b6f11690d.bundle.min.js",
    "sourceMapURL": null,
    "introductionType": "scriptElement",
    "isInlineSource": false,
    "sourceStartLine": 1,
    "sourceStartColumn": 0,
    "sourceLength": 1394
  },
  "from": "server1.conn0.child44/thread1"
}
2025-03-16 09:43:01,814 [DEBUG] [rdp_client.py:799 in __handle_events] - unhandled event received
2025-03-16 09:43:01,815 [INFO] [rdp_client.py:557 in __send] - REQUEST->
{
  "to": "server1.conn0.netEvent51",
  "type": "getRequestHeaders"
}
2025-03-16 09:43:02,069 [DEBUG] [rdp_client.py:675 in __read] - message complete (1119 == 1119)
2025-03-16 09:43:02,101 [INFO] [rdp_client.py:869 in __print_response] - RESPONSE<-
{
  "headers": [
    {
      "name": "Host",
      "value": "canalshowsport.com.ar"
    },
    {
      "name": "User-Agent",
      "value": "Mozilla/5.0 (X11; Linux x86_64; rv:136.0) Gecko/20100101 Firefox/136.0"
    },
    {
      "name": "Accept",
      "value": "*/*"
    },
    {
      "name": "Accept-Language",
      "value": "en-US,en;q=0.5"
    },
    {
      "name": "Accept-Encoding",
      "value": "gzip, deflate, br, zstd"
    },
    {
      "name": "Connection",
      "value": "keep-alive"
    },
    {
      "name": "Referer",
      "value": "https://canalshowsport.com.ar/"
    },
    {
      "name": "Sec-Fetch-Dest",
      "value": "script"
    },
    {
      "name": "Sec-Fetch-Mode",
      "value": "no-cors"
    },
    {
      "name": "Sec-Fetch-Site",
      "value": "same-origin"
    },
    {
      "name": "TE",
      "value": "trailers"
    }
  ],
  "headersSize": 447,
  "rawHeaders": "GET /wp-content/plugins/elementor/assets/js/text-editor.c084ef86600b6f11690d.bundle.min.js HTTP/1.1\r\nHost: canalshowsport.com.ar\r\nUser-Agent: Mozilla/5.0 (X11; Linux x86_64; rv:136.0) Gecko/20100101 Firefox/136.0\r\nAccept: */*\r\nAccept-Language: en-US,en;q=0.5\r\nAccept-Encoding: gzip, deflate, br, zstd\r\nConnection: keep-alive\r\nReferer: https://canalshowsport.com.ar/\r\nSec-Fetch-Dest: script\r\nSec-Fetch-Mode: no-cors\r\nSec-Fetch-Site: same-origin\r\n\r\n",
  "from": "server1.conn0.netEvent51"
}
2025-03-16 09:43:02,117 [DEBUG] [rdp_client.py:839 in __handle_single_request] - response valid, set result
2025-03-16 09:43:02,128 [DEBUG] [rdp_client.py:531 in __sync_send_receive] - 
2025-03-16 09:43:02,156 [INFO] [rdp_client.py:557 in __send] - REQUEST->
{
  "to": "server1.conn0.netEvent53",
  "type": "getRequestHeaders"
}
2025-03-16 09:43:02,181 [DEBUG] [rdp_client.py:675 in __read] - message complete (1294 == 1294)
2025-03-16 09:43:02,191 [INFO] [rdp_client.py:869 in __print_response] - RESPONSE<-
{
  "headers": [
    {
      "name": "Host",
      "value": "canalshowsport.com.ar"
    },
    {
      "name": "User-Agent",
      "value": "Mozilla/5.0 (X11; Linux x86_64; rv:136.0) Gecko/20100101 Firefox/136.0"
    },
    {
      "name": "Accept",
      "value": "image/avif,image/webp,image/png,image/svg+xml,image/*;q=0.8,*/*;q=0.5"
    },
    {
      "name": "Accept-Language",
      "value": "en-US,en;q=0.5"
    },
    {
      "name": "Accept-Encoding",
      "value": "gzip, deflate, br, zstd"
    },
    {
      "name": "Connection",
      "value": "keep-alive"
    },
    {
      "name": "Referer",
      "value": "https://canalshowsport.com.ar/"
    },
    {
      "name": "Sec-Fetch-Dest",
      "value": "image"
    },
    {
      "name": "Sec-Fetch-Mode",
      "value": "no-cors"
    },
    {
      "name": "Sec-Fetch-Site",
      "value": "same-origin"
    },
    {
      "name": "Priority",
      "value": "u=5, i"
    },
    {
      "name": "TE",
      "value": "trailers"
    }
  ],
  "headersSize": 518,
  "rawHeaders": "GET /wp-content/uploads/2021/11/2021-11-logo-SS-Desplegable-byExpectacionb.png HTTP/1.1\r\nHost: canalshowsport.com.ar\r\nUser-Agent: Mozilla/5.0 (X11; Linux x86_64; rv:136.0) Gecko/20100101 Firefox/136.0\r\nAccept: image/avif,image/webp,image/png,image/svg+xml,image/*;q=0.8,*/*;q=0.5\r\nAccept-Language: en-US,en;q=0.5\r\nAccept-Encoding: gzip, deflate, br, zstd\r\nConnection: keep-alive\r\nReferer: https://canalshowsport.com.ar/\r\nSec-Fetch-Dest: image\r\nSec-Fetch-Mode: no-cors\r\nSec-Fetch-Site: same-origin\r\nPriority: u=5, i\r\n\r\n",
  "from": "server1.conn0.netEvent53"
}
2025-03-16 09:43:02,220 [DEBUG] [rdp_client.py:839 in __handle_single_request] - response valid, set result
2025-03-16 09:43:02,249 [DEBUG] [rdp_client.py:531 in __sync_send_receive] - 
2025-03-16 09:43:02,259 [INFO] [rdp_client.py:557 in __send] - REQUEST->
{
  "to": "server1.conn0.netEvent54",
  "type": "getRequestHeaders"
}
2025-03-16 09:43:02,318 [DEBUG] [rdp_client.py:675 in __read] - message complete (1419 == 1419)
2025-03-16 09:43:02,342 [INFO] [rdp_client.py:869 in __print_response] - RESPONSE<-
{
  "headers": [
    {
      "name": "Host",
      "value": "branded.datafactory.la"
    },
    {
      "name": "User-Agent",
      "value": "Mozilla/5.0 (X11; Linux x86_64; rv:136.0) Gecko/20100101 Firefox/136.0"
    },
    {
      "name": "Accept",
      "value": "application/json, text/javascript, */*; q=0.01"
    },
    {
      "name": "Accept-Language",
      "value": "en-US,en;q=0.5"
    },
    {
      "name": "Accept-Encoding",
      "value": "gzip, deflate, br, zstd"
    },
    {
      "name": "X-Requested-With",
      "value": "XMLHttpRequest"
    },
    {
      "name": "Connection",
      "value": "keep-alive"
    },
    {
      "name": "Referer",
      "value": "https://branded.datafactory.la/argentina/html/v3/htmlCenter/data/deportes/futbol/todos/pages/es/agenda.html"
    },
    {
      "name": "Sec-Fetch-Dest",
      "value": "empty"
    },
    {
      "name": "Sec-Fetch-Mode",
      "value": "cors"
    },
    {
      "name": "Sec-Fetch-Site",
      "value": "same-origin"
    }
  ],
  "headersSize": 608,
  "rawHeaders": "GET /argentina/html/v3/htmlCenter/data/deportes/futbol/italia/events/746402.mam.json?_=1742128946618 HTTP/1.1\r\nHost: branded.datafactory.la\r\nUser-Agent: Mozilla/5.0 (X11; Linux x86_64; rv:136.0) Gecko/20100101 Firefox/136.0\r\nAccept: application/json, text/javascript, */*; q=0.01\r\nAccept-Language: en-US,en;q=0.5\r\nAccept-Encoding: gzip, deflate, br, zstd\r\nX-Requested-With: XMLHttpRequest\r\nConnection: keep-alive\r\nReferer: https://branded.datafactory.la/argentina/html/v3/htmlCenter/data/deportes/futbol/todos/pages/es/agenda.html\r\nSec-Fetch-Dest: empty\r\nSec-Fetch-Mode: cors\r\nSec-Fetch-Site: same-origin\r\n\r\n",
  "from": "server1.conn0.netEvent54"
}
2025-03-16 09:43:02,358 [DEBUG] [rdp_client.py:839 in __handle_single_request] - response valid, set result
2025-03-16 09:43:02,392 [DEBUG] [rdp_client.py:531 in __sync_send_receive] - 
2025-03-16 09:43:02,419 [INFO] [rdp_client.py:557 in __send] - REQUEST->
{
  "to": "server1.conn0.netEvent55",
  "type": "getRequestHeaders"
}
2025-03-16 09:43:02,474 [DEBUG] [rdp_client.py:675 in __read] - message complete (1419 == 1419)
2025-03-16 09:43:02,494 [INFO] [rdp_client.py:869 in __print_response] - RESPONSE<-
{
  "headers": [
    {
      "name": "Host",
      "value": "branded.datafactory.la"
    },
    {
      "name": "User-Agent",
      "value": "Mozilla/5.0 (X11; Linux x86_64; rv:136.0) Gecko/20100101 Firefox/136.0"
    },
    {
      "name": "Accept",
      "value": "application/json, text/javascript, */*; q=0.01"
    },
    {
      "name": "Accept-Language",
      "value": "en-US,en;q=0.5"
    },
    {
      "name": "Accept-Encoding",
      "value": "gzip, deflate, br, zstd"
    },
    {
      "name": "X-Requested-With",
      "value": "XMLHttpRequest"
    },
    {
      "name": "Connection",
      "value": "keep-alive"
    },
    {
      "name": "Referer",
      "value": "https://branded.datafactory.la/argentina/html/v3/htmlCenter/data/deportes/futbol/todos/pages/es/agenda.html"
    },
    {
      "name": "Sec-Fetch-Dest",
      "value": "empty"
    },
    {
      "name": "Sec-Fetch-Mode",
      "value": "cors"
    },
    {
      "name": "Sec-Fetch-Site",
      "value": "same-origin"
    }
  ],
  "headersSize": 608,
  "rawHeaders": "GET /argentina/html/v3/htmlCenter/data/deportes/futbol/espana/events/747851.mam.json?_=1742128946619 HTTP/1.1\r\nHost: branded.datafactory.la\r\nUser-Agent: Mozilla/5.0 (X11; Linux x86_64; rv:136.0) Gecko/20100101 Firefox/136.0\r\nAccept: application/json, text/javascript, */*; q=0.01\r\nAccept-Language: en-US,en;q=0.5\r\nAccept-Encoding: gzip, deflate, br, zstd\r\nX-Requested-With: XMLHttpRequest\r\nConnection: keep-alive\r\nReferer: https://branded.datafactory.la/argentina/html/v3/htmlCenter/data/deportes/futbol/todos/pages/es/agenda.html\r\nSec-Fetch-Dest: empty\r\nSec-Fetch-Mode: cors\r\nSec-Fetch-Site: same-origin\r\n\r\n",
  "from": "server1.conn0.netEvent55"
}
2025-03-16 09:43:02,510 [DEBUG] [rdp_client.py:839 in __handle_single_request] - response valid, set result
2025-03-16 09:43:04,032 [DEBUG] [rdp_client.py:675 in __read] - message complete (398 == 398)
2025-03-16 09:43:04,084 [INFO] [rdp_client.py:869 in __print_response] - RESPONSE<-
{
  "type": "resources-available-array",
  "array": [
    [
      "network-event-stacktrace",
      [
        {
          "resourceId": 15032385669,
          "stacktraceAvailable": true,
          "lastFrame": {
            "filename": "https://branded.datafactory.la/argentina/html/v3/minapp/assets/libs/jquery/jquery-3.5.1.min.js?v=2.0",
            "lineNumber": 2,
            "columnNumber": 82613,
            "functionName": "send",
            "asyncCause": null
          }
        }
      ]
    ]
  ],
  "from": "server1.conn0.watcher45.process7//windowGlobalTarget2"
}
2025-03-16 09:43:04,105 [DEBUG] [rdp_client.py:675 in __read] - message complete (770 == 770)
2025-03-16 09:43:04,142 [INFO] [rdp_client.py:869 in __print_response] - RESPONSE<-
{
  "type": "resources-updated-array",
  "array": [
    [
      "network-event",
      [
        {
          "resourceId": 15032385667,
          "resourceUpdates": {
            "requestCookiesAvailable": true,
            "requestHeadersAvailable": true,
            "httpVersion": "HTTP/1.1",
            "status": "200",
            "statusText": "OK",
            "earlyHintsStatus": "",
            "remoteAddress": "149.56.20.161",
            "remotePort": 443,
            "mimeType": "application/json",
            "waitingTime": 179,
            "isResolvedByTRR": false,
            "responseHeadersAvailable": true,
            "responseCookiesAvailable": true,
            "responseStartAvailable": true,
            "totalTime": 776,
            "eventTimingsAvailable": true,
            "securityState": "secure",
            "isRacing": false,
            "securityInfoAvailable": true,
            "contentSize": 14479,
            "transferredSize": 14918,
            "blockedReason": 0,
            "responseContentAvailable": true
          },
          "browsingContextID": 4294967297,
          "innerWindowId": 15032385537
        }
      ]
    ]
  ],
  "from": "server1.conn0.watcher46"
}
2025-03-16 09:43:04,150 [DEBUG] [rdp_client.py:799 in __handle_events] - unhandled event received
2025-03-16 09:43:04,164 [DEBUG] [rdp_client.py:675 in __read] - message complete (398 == 398)
2025-03-16 09:43:04,200 [INFO] [rdp_client.py:869 in __print_response] - RESPONSE<-
{
  "type": "resources-available-array",
  "array": [
    [
      "network-event-stacktrace",
      [
        {
          "resourceId": 15032385670,
          "stacktraceAvailable": true,
          "lastFrame": {
            "filename": "https://branded.datafactory.la/argentina/html/v3/minapp/assets/libs/jquery/jquery-3.5.1.min.js?v=2.0",
            "lineNumber": 2,
            "columnNumber": 82613,
            "functionName": "send",
            "asyncCause": null
          }
        }
      ]
    ]
  ],
  "from": "server1.conn0.watcher45.process7//windowGlobalTarget2"
}
2025-03-16 09:43:04,203 [DEBUG] [rdp_client.py:675 in __read] - message complete (770 == 770)
2025-03-16 09:43:04,233 [INFO] [rdp_client.py:869 in __print_response] - RESPONSE<-
{
  "type": "resources-updated-array",
  "array": [
    [
      "network-event",
      [
        {
          "resourceId": 15032385668,
          "resourceUpdates": {
            "requestCookiesAvailable": true,
            "requestHeadersAvailable": true,
            "httpVersion": "HTTP/1.1",
            "status": "200",
            "statusText": "OK",
            "earlyHintsStatus": "",
            "remoteAddress": "149.56.20.161",
            "remotePort": 443,
            "mimeType": "application/json",
            "waitingTime": 185,
            "isResolvedByTRR": false,
            "responseHeadersAvailable": true,
            "responseCookiesAvailable": true,
            "responseStartAvailable": true,
            "totalTime": 811,
            "eventTimingsAvailable": true,
            "securityState": "secure",
            "isRacing": false,
            "securityInfoAvailable": true,
            "contentSize": 10929,
            "transferredSize": 11368,
            "blockedReason": 0,
            "responseContentAvailable": true
          },
          "browsingContextID": 4294967297,
          "innerWindowId": 15032385537
        }
      ]
    ]
  ],
  "from": "server1.conn0.watcher46"
}
2025-03-16 09:43:04,249 [DEBUG] [rdp_client.py:799 in __handle_events] - unhandled event received
2025-03-16 09:43:04,262 [DEBUG] [rdp_client.py:675 in __read] - message complete (882 == 882)
2025-03-16 09:43:04,288 [INFO] [rdp_client.py:869 in __print_response] - RESPONSE<-
{
  "type": "resources-available-array",
  "array": [
    [
      "network-event",
      [
        {
          "actor": "server1.conn0.netEvent109",
          "resourceId": 15032385669,
          "resourceType": "network-event",
          "browsingContextID": 4294967297,
          "cause": {
            "loadingDocumentUri": "https://branded.datafactory.la/argentina/html/v3/htmlCenter/data/deportes/futbol/todos/pages/es/agenda.html",
            "type": "xhr"
          },
          "chromeContext": false,
          "innerWindowId": 15032385537,
          "isNavigationRequest": false,
          "isThirdPartyTrackingResource": false,
          "isXHR": true,
          "method": "GET",
          "priority": 0,
          "private": false,
          "referrerPolicy": "strict-origin-when-cross-origin",
          "stacktraceResourceId": 15032385669,
          "startedDateTime": "2025-03-16T12:43:04.147Z",
          "securityFlags": 144,
          "timeStamp": 1742128984147,
          "timings": {},
          "url": "https://branded.datafactory.la/argentina/html/v3/htmlCenter/data/deportes/futbol/premierleague/events/744803.mam.json?_=1742128946620"
        }
      ]
    ]
  ],
  "from": "server1.conn0.watcher46"
}
2025-03-16 09:43:04,310 [DEBUG] [rdp_client.py:792 in __handle_events] - [server1.conn0.watcher46][resources-available-array] handled
2025-03-16 09:43:04,341 [DEBUG] [rdp_client.py:531 in __sync_send_receive] - 
2025-03-16 09:43:04,345 [DEBUG] [rdp_client.py:675 in __read] - message complete (882 == 882)
2025-03-16 09:43:04,382 [INFO] [rdp_client.py:869 in __print_response] - RESPONSE<-
{
  "type": "resources-available-array",
  "array": [
    [
      "network-event",
      [
        {
          "actor": "server1.conn0.netEvent110",
          "resourceId": 15032385670,
          "resourceType": "network-event",
          "browsingContextID": 4294967297,
          "cause": {
            "loadingDocumentUri": "https://branded.datafactory.la/argentina/html/v3/htmlCenter/data/deportes/futbol/todos/pages/es/agenda.html",
            "type": "xhr"
          },
          "chromeContext": false,
          "innerWindowId": 15032385537,
          "isNavigationRequest": false,
          "isThirdPartyTrackingResource": false,
          "isXHR": true,
          "method": "GET",
          "priority": 0,
          "private": false,
          "referrerPolicy": "strict-origin-when-cross-origin",
          "stacktraceResourceId": 15032385670,
          "startedDateTime": "2025-03-16T12:43:04.226Z",
          "securityFlags": 144,
          "timeStamp": 1742128984226,
          "timings": {},
          "url": "https://branded.datafactory.la/argentina/html/v3/htmlCenter/data/deportes/futbol/premierleague/events/744807.mam.json?_=1742128946621"
        }
      ]
    ]
  ],
  "from": "server1.conn0.watcher46"
}
2025-03-16 09:43:04,388 [DEBUG] [rdp_client.py:792 in __handle_events] - [server1.conn0.watcher46][resources-available-array] handled
2025-03-16 09:43:04,402 [INFO] [rdp_client.py:557 in __send] - REQUEST->
{
  "to": "server1.conn0.netEvent109",
  "type": "getRequestHeaders"
}
2025-03-16 09:43:04,511 [DEBUG] [rdp_client.py:675 in __read] - message complete (1427 == 1427)
2025-03-16 09:43:04,521 [INFO] [rdp_client.py:869 in __print_response] - RESPONSE<-
{
  "headers": [
    {
      "name": "Host",
      "value": "branded.datafactory.la"
    },
    {
      "name": "User-Agent",
      "value": "Mozilla/5.0 (X11; Linux x86_64; rv:136.0) Gecko/20100101 Firefox/136.0"
    },
    {
      "name": "Accept",
      "value": "application/json, text/javascript, */*; q=0.01"
    },
    {
      "name": "Accept-Language",
      "value": "en-US,en;q=0.5"
    },
    {
      "name": "Accept-Encoding",
      "value": "gzip, deflate, br, zstd"
    },
    {
      "name": "X-Requested-With",
      "value": "XMLHttpRequest"
    },
    {
      "name": "Connection",
      "value": "keep-alive"
    },
    {
      "name": "Referer",
      "value": "https://branded.datafactory.la/argentina/html/v3/htmlCenter/data/deportes/futbol/todos/pages/es/agenda.html"
    },
    {
      "name": "Sec-Fetch-Dest",
      "value": "empty"
    },
    {
      "name": "Sec-Fetch-Mode",
      "value": "cors"
    },
    {
      "name": "Sec-Fetch-Site",
      "value": "same-origin"
    }
  ],
  "headersSize": 615,
  "rawHeaders": "GET /argentina/html/v3/htmlCenter/data/deportes/futbol/premierleague/events/744803.mam.json?_=1742128946620 HTTP/1.1\r\nHost: branded.datafactory.la\r\nUser-Agent: Mozilla/5.0 (X11; Linux x86_64; rv:136.0) Gecko/20100101 Firefox/136.0\r\nAccept: application/json, text/javascript, */*; q=0.01\r\nAccept-Language: en-US,en;q=0.5\r\nAccept-Encoding: gzip, deflate, br, zstd\r\nX-Requested-With: XMLHttpRequest\r\nConnection: keep-alive\r\nReferer: https://branded.datafactory.la/argentina/html/v3/htmlCenter/data/deportes/futbol/todos/pages/es/agenda.html\r\nSec-Fetch-Dest: empty\r\nSec-Fetch-Mode: cors\r\nSec-Fetch-Site: same-origin\r\n\r\n",
  "from": "server1.conn0.netEvent109"
}
2025-03-16 09:43:04,526 [DEBUG] [rdp_client.py:839 in __handle_single_request] - response valid, set result
2025-03-16 09:43:04,537 [DEBUG] [rdp_client.py:531 in __sync_send_receive] - 
2025-03-16 09:43:04,542 [INFO] [rdp_client.py:557 in __send] - REQUEST->
{
  "to": "server1.conn0.netEvent110",
  "type": "getRequestHeaders"
}
2025-03-16 09:43:04,620 [DEBUG] [rdp_client.py:675 in __read] - message complete (768 == 768)
2025-03-16 09:43:04,635 [INFO] [rdp_client.py:869 in __print_response] - RESPONSE<-
{
  "type": "resources-updated-array",
  "array": [
    [
      "network-event",
      [
        {
          "resourceId": 15032385669,
          "resourceUpdates": {
            "requestCookiesAvailable": true,
            "requestHeadersAvailable": true,
            "httpVersion": "HTTP/1.1",
            "status": "200",
            "statusText": "OK",
            "earlyHintsStatus": "",
            "remoteAddress": "149.56.20.161",
            "remotePort": 443,
            "mimeType": "application/json",
            "waitingTime": 198,
            "isResolvedByTRR": false,
            "responseHeadersAvailable": true,
            "responseCookiesAvailable": true,
            "responseStartAvailable": true,
            "totalTime": 198,
            "eventTimingsAvailable": true,
            "securityState": "secure",
            "isRacing": false,
            "securityInfoAvailable": true,
            "contentSize": 2474,
            "transferredSize": 2910,
            "blockedReason": 0,
            "responseContentAvailable": true
          },
          "browsingContextID": 4294967297,
          "innerWindowId": 15032385537
        }
      ]
    ]
  ],
  "from": "server1.conn0.watcher46"
}
2025-03-16 09:43:04,643 [DEBUG] [rdp_client.py:799 in __handle_events] - unhandled event received
2025-03-16 09:43:04,668 [DEBUG] [rdp_client.py:675 in __read] - message complete (1427 == 1427)
2025-03-16 09:43:04,682 [INFO] [rdp_client.py:869 in __print_response] - RESPONSE<-
{
  "headers": [
    {
      "name": "Host",
      "value": "branded.datafactory.la"
    },
    {
      "name": "User-Agent",
      "value": "Mozilla/5.0 (X11; Linux x86_64; rv:136.0) Gecko/20100101 Firefox/136.0"
    },
    {
      "name": "Accept",
      "value": "application/json, text/javascript, */*; q=0.01"
    },
    {
      "name": "Accept-Language",
      "value": "en-US,en;q=0.5"
    },
    {
      "name": "Accept-Encoding",
      "value": "gzip, deflate, br, zstd"
    },
    {
      "name": "X-Requested-With",
      "value": "XMLHttpRequest"
    },
    {
      "name": "Connection",
      "value": "keep-alive"
    },
    {
      "name": "Referer",
      "value": "https://branded.datafactory.la/argentina/html/v3/htmlCenter/data/deportes/futbol/todos/pages/es/agenda.html"
    },
    {
      "name": "Sec-Fetch-Dest",
      "value": "empty"
    },
    {
      "name": "Sec-Fetch-Mode",
      "value": "cors"
    },
    {
      "name": "Sec-Fetch-Site",
      "value": "same-origin"
    }
  ],
  "headersSize": 615,
  "rawHeaders": "GET /argentina/html/v3/htmlCenter/data/deportes/futbol/premierleague/events/744807.mam.json?_=1742128946621 HTTP/1.1\r\nHost: branded.datafactory.la\r\nUser-Agent: Mozilla/5.0 (X11; Linux x86_64; rv:136.0) Gecko/20100101 Firefox/136.0\r\nAccept: application/json, text/javascript, */*; q=0.01\r\nAccept-Language: en-US,en;q=0.5\r\nAccept-Encoding: gzip, deflate, br, zstd\r\nX-Requested-With: XMLHttpRequest\r\nConnection: keep-alive\r\nReferer: https://branded.datafactory.la/argentina/html/v3/htmlCenter/data/deportes/futbol/todos/pages/es/agenda.html\r\nSec-Fetch-Dest: empty\r\nSec-Fetch-Mode: cors\r\nSec-Fetch-Site: same-origin\r\n\r\n",
  "from": "server1.conn0.netEvent110"
}
2025-03-16 09:43:04,687 [DEBUG] [rdp_client.py:839 in __handle_single_request] - response valid, set result
2025-03-16 09:43:04,695 [DEBUG] [rdp_client.py:675 in __read] - message complete (770 == 770)
2025-03-16 09:43:04,706 [INFO] [rdp_client.py:869 in __print_response] - RESPONSE<-
{
  "type": "resources-updated-array",
  "array": [
    [
      "network-event",
      [
        {
          "resourceId": 15032385670,
          "resourceUpdates": {
            "requestCookiesAvailable": true,
            "requestHeadersAvailable": true,
            "httpVersion": "HTTP/1.1",
            "status": "200",
            "statusText": "OK",
            "earlyHintsStatus": "",
            "remoteAddress": "149.56.20.161",
            "remotePort": 443,
            "mimeType": "application/json",
            "waitingTime": 189,
            "isResolvedByTRR": false,
            "responseHeadersAvailable": true,
            "responseCookiesAvailable": true,
            "responseStartAvailable": true,
            "totalTime": 191,
            "eventTimingsAvailable": true,
            "securityState": "secure",
            "isRacing": false,
            "securityInfoAvailable": true,
            "contentSize": 12597,
            "transferredSize": 13035,
            "blockedReason": 0,
            "responseContentAvailable": true
          },
          "browsingContextID": 4294967297,
          "innerWindowId": 15032385537
        }
      ]
    ]
  ],
  "from": "server1.conn0.watcher46"
}
2025-03-16 09:43:04,714 [DEBUG] [rdp_client.py:799 in __handle_events] - unhandled event received
2025-03-16 09:43:10,196 [DEBUG] [rdp_client.py:675 in __read] - message complete (398 == 398)
2025-03-16 09:43:10,205 [INFO] [rdp_client.py:869 in __print_response] - RESPONSE<-
{
  "type": "resources-available-array",
  "array": [
    [
      "network-event-stacktrace",
      [
        {
          "resourceId": 15032385671,
          "stacktraceAvailable": true,
          "lastFrame": {
            "filename": "https://branded.datafactory.la/argentina/html/v3/minapp/assets/libs/jquery/jquery-3.5.1.min.js?v=2.0",
            "lineNumber": 2,
            "columnNumber": 82613,
            "functionName": "send",
            "asyncCause": null
          }
        }
      ]
    ]
  ],
  "from": "server1.conn0.watcher45.process7//windowGlobalTarget2"
}
2025-03-16 09:43:10,209 [DEBUG] [rdp_client.py:675 in __read] - message complete (398 == 398)
2025-03-16 09:43:10,215 [INFO] [rdp_client.py:869 in __print_response] - RESPONSE<-
{
  "type": "resources-available-array",
  "array": [
    [
      "network-event-stacktrace",
      [
        {
          "resourceId": 15032385672,
          "stacktraceAvailable": true,
          "lastFrame": {
            "filename": "https://branded.datafactory.la/argentina/html/v3/minapp/assets/libs/jquery/jquery-3.5.1.min.js?v=2.0",
            "lineNumber": 2,
            "columnNumber": 82613,
            "functionName": "send",
            "asyncCause": null
          }
        }
      ]
    ]
  ],
  "from": "server1.conn0.watcher45.process7//windowGlobalTarget2"
}
2025-03-16 09:43:10,227 [DEBUG] [rdp_client.py:675 in __read] - message complete (875 == 875)
2025-03-16 09:43:10,232 [INFO] [rdp_client.py:869 in __print_response] - RESPONSE<-
{
  "type": "resources-available-array",
  "array": [
    [
      "network-event",
      [
        {
          "actor": "server1.conn0.netEvent137",
          "resourceId": 15032385671,
          "resourceType": "network-event",
          "browsingContextID": 4294967297,
          "cause": {
            "loadingDocumentUri": "https://branded.datafactory.la/argentina/html/v3/htmlCenter/data/deportes/futbol/todos/pages/es/agenda.html",
            "type": "xhr"
          },
          "chromeContext": false,
          "innerWindowId": 15032385537,
          "isNavigationRequest": false,
          "isThirdPartyTrackingResource": false,
          "isXHR": true,
          "method": "GET",
          "priority": 0,
          "private": false,
          "referrerPolicy": "strict-origin-when-cross-origin",
          "stacktraceResourceId": 15032385671,
          "startedDateTime": "2025-03-16T12:43:10.218Z",
          "securityFlags": 144,
          "timeStamp": 1742128990218,
          "timings": {},
          "url": "https://branded.datafactory.la/argentina/html/v3/htmlCenter/data/deportes/futbol/italia/events/746402.mam.json?_=1742128946622"
        }
      ]
    ]
  ],
  "from": "server1.conn0.watcher46"
}
2025-03-16 09:43:10,236 [DEBUG] [rdp_client.py:792 in __handle_events] - [server1.conn0.watcher46][resources-available-array] handled
2025-03-16 09:43:10,237 [DEBUG] [rdp_client.py:531 in __sync_send_receive] - 
2025-03-16 09:43:10,241 [INFO] [rdp_client.py:557 in __send] - REQUEST->
{
  "to": "server1.conn0.netEvent137",
  "type": "getRequestHeaders"
}
2025-03-16 09:43:10,244 [DEBUG] [rdp_client.py:675 in __read] - message complete (875 == 875)
2025-03-16 09:43:10,251 [INFO] [rdp_client.py:869 in __print_response] - RESPONSE<-
{
  "type": "resources-available-array",
  "array": [
    [
      "network-event",
      [
        {
          "actor": "server1.conn0.netEvent138",
          "resourceId": 15032385672,
          "resourceType": "network-event",
          "browsingContextID": 4294967297,
          "cause": {
            "loadingDocumentUri": "https://branded.datafactory.la/argentina/html/v3/htmlCenter/data/deportes/futbol/todos/pages/es/agenda.html",
            "type": "xhr"
          },
          "chromeContext": false,
          "innerWindowId": 15032385537,
          "isNavigationRequest": false,
          "isThirdPartyTrackingResource": false,
          "isXHR": true,
          "method": "GET",
          "priority": 0,
          "private": false,
          "referrerPolicy": "strict-origin-when-cross-origin",
          "stacktraceResourceId": 15032385672,
          "startedDateTime": "2025-03-16T12:43:10.232Z",
          "securityFlags": 144,
          "timeStamp": 1742128990232,
          "timings": {},
          "url": "https://branded.datafactory.la/argentina/html/v3/htmlCenter/data/deportes/futbol/espana/events/747851.mam.json?_=1742128946623"
        }
      ]
    ]
  ],
  "from": "server1.conn0.watcher46"
}
2025-03-16 09:43:10,256 [DEBUG] [rdp_client.py:792 in __handle_events] - [server1.conn0.watcher46][resources-available-array] handled
2025-03-16 09:43:10,261 [DEBUG] [rdp_client.py:675 in __read] - message complete (1420 == 1420)
2025-03-16 09:43:10,265 [INFO] [rdp_client.py:869 in __print_response] - RESPONSE<-
{
  "headers": [
    {
      "name": "Host",
      "value": "branded.datafactory.la"
    },
    {
      "name": "User-Agent",
      "value": "Mozilla/5.0 (X11; Linux x86_64; rv:136.0) Gecko/20100101 Firefox/136.0"
    },
    {
      "name": "Accept",
      "value": "application/json, text/javascript, */*; q=0.01"
    },
    {
      "name": "Accept-Language",
      "value": "en-US,en;q=0.5"
    },
    {
      "name": "Accept-Encoding",
      "value": "gzip, deflate, br, zstd"
    },
    {
      "name": "X-Requested-With",
      "value": "XMLHttpRequest"
    },
    {
      "name": "Connection",
      "value": "keep-alive"
    },
    {
      "name": "Referer",
      "value": "https://branded.datafactory.la/argentina/html/v3/htmlCenter/data/deportes/futbol/todos/pages/es/agenda.html"
    },
    {
      "name": "Sec-Fetch-Dest",
      "value": "empty"
    },
    {
      "name": "Sec-Fetch-Mode",
      "value": "cors"
    },
    {
      "name": "Sec-Fetch-Site",
      "value": "same-origin"
    }
  ],
  "headersSize": 608,
  "rawHeaders": "GET /argentina/html/v3/htmlCenter/data/deportes/futbol/italia/events/746402.mam.json?_=1742128946622 HTTP/1.1\r\nHost: branded.datafactory.la\r\nUser-Agent: Mozilla/5.0 (X11; Linux x86_64; rv:136.0) Gecko/20100101 Firefox/136.0\r\nAccept: application/json, text/javascript, */*; q=0.01\r\nAccept-Language: en-US,en;q=0.5\r\nAccept-Encoding: gzip, deflate, br, zstd\r\nX-Requested-With: XMLHttpRequest\r\nConnection: keep-alive\r\nReferer: https://branded.datafactory.la/argentina/html/v3/htmlCenter/data/deportes/futbol/todos/pages/es/agenda.html\r\nSec-Fetch-Dest: empty\r\nSec-Fetch-Mode: cors\r\nSec-Fetch-Site: same-origin\r\n\r\n",
  "from": "server1.conn0.netEvent137"
}
2025-03-16 09:43:10,267 [DEBUG] [rdp_client.py:839 in __handle_single_request] - response valid, set result
2025-03-16 09:43:10,270 [DEBUG] [rdp_client.py:531 in __sync_send_receive] - 
2025-03-16 09:43:10,280 [INFO] [rdp_client.py:557 in __send] - REQUEST->
{
  "to": "server1.conn0.netEvent138",
  "type": "getRequestHeaders"
}
2025-03-16 09:43:10,294 [DEBUG] [rdp_client.py:675 in __read] - message complete (1420 == 1420)
2025-03-16 09:43:10,297 [INFO] [rdp_client.py:869 in __print_response] - RESPONSE<-
{
  "headers": [
    {
      "name": "Host",
      "value": "branded.datafactory.la"
    },
    {
      "name": "User-Agent",
      "value": "Mozilla/5.0 (X11; Linux x86_64; rv:136.0) Gecko/20100101 Firefox/136.0"
    },
    {
      "name": "Accept",
      "value": "application/json, text/javascript, */*; q=0.01"
    },
    {
      "name": "Accept-Language",
      "value": "en-US,en;q=0.5"
    },
    {
      "name": "Accept-Encoding",
      "value": "gzip, deflate, br, zstd"
    },
    {
      "name": "X-Requested-With",
      "value": "XMLHttpRequest"
    },
    {
      "name": "Connection",
      "value": "keep-alive"
    },
    {
      "name": "Referer",
      "value": "https://branded.datafactory.la/argentina/html/v3/htmlCenter/data/deportes/futbol/todos/pages/es/agenda.html"
    },
    {
      "name": "Sec-Fetch-Dest",
      "value": "empty"
    },
    {
      "name": "Sec-Fetch-Mode",
      "value": "cors"
    },
    {
      "name": "Sec-Fetch-Site",
      "value": "same-origin"
    }
  ],
  "headersSize": 608,
  "rawHeaders": "GET /argentina/html/v3/htmlCenter/data/deportes/futbol/espana/events/747851.mam.json?_=1742128946623 HTTP/1.1\r\nHost: branded.datafactory.la\r\nUser-Agent: Mozilla/5.0 (X11; Linux x86_64; rv:136.0) Gecko/20100101 Firefox/136.0\r\nAccept: application/json, text/javascript, */*; q=0.01\r\nAccept-Language: en-US,en;q=0.5\r\nAccept-Encoding: gzip, deflate, br, zstd\r\nX-Requested-With: XMLHttpRequest\r\nConnection: keep-alive\r\nReferer: https://branded.datafactory.la/argentina/html/v3/htmlCenter/data/deportes/futbol/todos/pages/es/agenda.html\r\nSec-Fetch-Dest: empty\r\nSec-Fetch-Mode: cors\r\nSec-Fetch-Site: same-origin\r\n\r\n",
  "from": "server1.conn0.netEvent138"
}
2025-03-16 09:43:10,300 [DEBUG] [rdp_client.py:839 in __handle_single_request] - response valid, set result
2025-03-16 09:43:10,824 [DEBUG] [rdp_client.py:413 in disconnect] - 
2025-03-16 09:43:10,829 [DEBUG] [rdp_client.py:422 in __disconnect] - True
2025-03-16 09:43:10,836 [DEBUG] [rdp_client.py:402 in __on_close_connection] - Stop listening
2025-03-16 09:43:10,838 [DEBUG] [rdp_client.py:377 in __connect] - Read task cancelled: asyncio
2025-03-16 09:44:16,617 [ERROR] [utils.py:189 in kill_by_pid] - process PID not found (pid=795862)
Traceback (most recent call last):
  File "/home/villafapd/Documents/PythonProjects/Elnueve/.venv/lib/python3.11/site-packages/psutil/_pslinux.py", line 1716, in wrapper
    return fun(self, *args, **kwargs)
           ^^^^^^^^^^^^^^^^^^^^^^^^^^
  File "/home/villafapd/Documents/PythonProjects/Elnueve/.venv/lib/python3.11/site-packages/psutil/_common.py", line 508, in wrapper
    raise raise_from(err, None)
          ^^^^^^^^^^^^^^^^^^^^^
  File "<string>", line 3, in raise_from
  File "/home/villafapd/Documents/PythonProjects/Elnueve/.venv/lib/python3.11/site-packages/psutil/_common.py", line 506, in wrapper
    return fun(self)
           ^^^^^^^^^
  File "/home/villafapd/Documents/PythonProjects/Elnueve/.venv/lib/python3.11/site-packages/psutil/_pslinux.py", line 1784, in _parse_stat_file
    data = bcat("%s/%s/stat" % (self._procfs_path, self.pid))
           ^^^^^^^^^^^^^^^^^^^^^^^^^^^^^^^^^^^^^^^^^^^^^^^^^^
  File "/home/villafapd/Documents/PythonProjects/Elnueve/.venv/lib/python3.11/site-packages/psutil/_common.py", line 851, in bcat
    return cat(fname, fallback=fallback, _open=open_binary)
           ^^^^^^^^^^^^^^^^^^^^^^^^^^^^^^^^^^^^^^^^^^^^^^^^
  File "/home/villafapd/Documents/PythonProjects/Elnueve/.venv/lib/python3.11/site-packages/psutil/_common.py", line 839, in cat
    with _open(fname) as f:
         ^^^^^^^^^^^^
  File "/home/villafapd/Documents/PythonProjects/Elnueve/.venv/lib/python3.11/site-packages/psutil/_common.py", line 799, in open_binary
    return open(fname, "rb", buffering=FILE_READ_BUFFER_SIZE)
           ^^^^^^^^^^^^^^^^^^^^^^^^^^^^^^^^^^^^^^^^^^^^^^^^^^
FileNotFoundError: [Errno 2] No such file or directory: '/proc/795862/stat'

During handling of the above exception, another exception occurred:

Traceback (most recent call last):
  File "/home/villafapd/Documents/PythonProjects/Elnueve/.venv/lib/python3.11/site-packages/psutil/__init__.py", line 355, in _init
    self._ident = self._get_ident()
                  ^^^^^^^^^^^^^^^^^
  File "/home/villafapd/Documents/PythonProjects/Elnueve/.venv/lib/python3.11/site-packages/psutil/__init__.py", line 396, in _get_ident
    return (self.pid, self.create_time())
                      ^^^^^^^^^^^^^^^^^^
  File "/home/villafapd/Documents/PythonProjects/Elnueve/.venv/lib/python3.11/site-packages/psutil/__init__.py", line 778, in create_time
    self._create_time = self._proc.create_time()
                        ^^^^^^^^^^^^^^^^^^^^^^^^
  File "/home/villafapd/Documents/PythonProjects/Elnueve/.venv/lib/python3.11/site-packages/psutil/_pslinux.py", line 1716, in wrapper
    return fun(self, *args, **kwargs)
           ^^^^^^^^^^^^^^^^^^^^^^^^^^
  File "/home/villafapd/Documents/PythonProjects/Elnueve/.venv/lib/python3.11/site-packages/psutil/_pslinux.py", line 1957, in create_time
    ctime = float(self._parse_stat_file()['create_time'])
                  ^^^^^^^^^^^^^^^^^^^^^^^
  File "/home/villafapd/Documents/PythonProjects/Elnueve/.venv/lib/python3.11/site-packages/psutil/_pslinux.py", line 1730, in wrapper
    raise NoSuchProcess(self.pid, self._name)
psutil.NoSuchProcess: process no longer exists (pid=795862)

During handling of the above exception, another exception occurred:

Traceback (most recent call last):
  File "/home/villafapd/Documents/PythonProjects/Elnueve/.venv/lib/python3.11/site-packages/geckordp/utils.py", line 185, in kill_by_pid
    proc = psutil.Process(pid)
           ^^^^^^^^^^^^^^^^^^^
  File "/home/villafapd/Documents/PythonProjects/Elnueve/.venv/lib/python3.11/site-packages/psutil/__init__.py", line 319, in __init__
    self._init(pid)
  File "/home/villafapd/Documents/PythonProjects/Elnueve/.venv/lib/python3.11/site-packages/psutil/__init__.py", line 368, in _init
    raise NoSuchProcess(pid, msg=msg)
psutil.NoSuchProcess: process PID not found (pid=795862)
2025-03-16 09:44:16,645 [ERROR] [utils.py:189 in kill_by_pid] - process PID not found (pid=796912)
Traceback (most recent call last):
  File "/home/villafapd/Documents/PythonProjects/Elnueve/.venv/lib/python3.11/site-packages/psutil/_pslinux.py", line 1716, in wrapper
    return fun(self, *args, **kwargs)
           ^^^^^^^^^^^^^^^^^^^^^^^^^^
  File "/home/villafapd/Documents/PythonProjects/Elnueve/.venv/lib/python3.11/site-packages/psutil/_common.py", line 508, in wrapper
    raise raise_from(err, None)
          ^^^^^^^^^^^^^^^^^^^^^
  File "<string>", line 3, in raise_from
  File "/home/villafapd/Documents/PythonProjects/Elnueve/.venv/lib/python3.11/site-packages/psutil/_common.py", line 506, in wrapper
    return fun(self)
           ^^^^^^^^^
  File "/home/villafapd/Documents/PythonProjects/Elnueve/.venv/lib/python3.11/site-packages/psutil/_pslinux.py", line 1784, in _parse_stat_file
    data = bcat("%s/%s/stat" % (self._procfs_path, self.pid))
           ^^^^^^^^^^^^^^^^^^^^^^^^^^^^^^^^^^^^^^^^^^^^^^^^^^
  File "/home/villafapd/Documents/PythonProjects/Elnueve/.venv/lib/python3.11/site-packages/psutil/_common.py", line 851, in bcat
    return cat(fname, fallback=fallback, _open=open_binary)
           ^^^^^^^^^^^^^^^^^^^^^^^^^^^^^^^^^^^^^^^^^^^^^^^^
  File "/home/villafapd/Documents/PythonProjects/Elnueve/.venv/lib/python3.11/site-packages/psutil/_common.py", line 839, in cat
    with _open(fname) as f:
         ^^^^^^^^^^^^
  File "/home/villafapd/Documents/PythonProjects/Elnueve/.venv/lib/python3.11/site-packages/psutil/_common.py", line 799, in open_binary
    return open(fname, "rb", buffering=FILE_READ_BUFFER_SIZE)
           ^^^^^^^^^^^^^^^^^^^^^^^^^^^^^^^^^^^^^^^^^^^^^^^^^^
FileNotFoundError: [Errno 2] No such file or directory: '/proc/796912/stat'

During handling of the above exception, another exception occurred:

Traceback (most recent call last):
  File "/home/villafapd/Documents/PythonProjects/Elnueve/.venv/lib/python3.11/site-packages/psutil/__init__.py", line 355, in _init
    self._ident = self._get_ident()
                  ^^^^^^^^^^^^^^^^^
  File "/home/villafapd/Documents/PythonProjects/Elnueve/.venv/lib/python3.11/site-packages/psutil/__init__.py", line 396, in _get_ident
    return (self.pid, self.create_time())
                      ^^^^^^^^^^^^^^^^^^
  File "/home/villafapd/Documents/PythonProjects/Elnueve/.venv/lib/python3.11/site-packages/psutil/__init__.py", line 778, in create_time
    self._create_time = self._proc.create_time()
                        ^^^^^^^^^^^^^^^^^^^^^^^^
  File "/home/villafapd/Documents/PythonProjects/Elnueve/.venv/lib/python3.11/site-packages/psutil/_pslinux.py", line 1716, in wrapper
    return fun(self, *args, **kwargs)
           ^^^^^^^^^^^^^^^^^^^^^^^^^^
  File "/home/villafapd/Documents/PythonProjects/Elnueve/.venv/lib/python3.11/site-packages/psutil/_pslinux.py", line 1957, in create_time
    ctime = float(self._parse_stat_file()['create_time'])
                  ^^^^^^^^^^^^^^^^^^^^^^^
  File "/home/villafapd/Documents/PythonProjects/Elnueve/.venv/lib/python3.11/site-packages/psutil/_pslinux.py", line 1730, in wrapper
    raise NoSuchProcess(self.pid, self._name)
psutil.NoSuchProcess: process no longer exists (pid=796912)

During handling of the above exception, another exception occurred:

Traceback (most recent call last):
  File "/home/villafapd/Documents/PythonProjects/Elnueve/.venv/lib/python3.11/site-packages/geckordp/utils.py", line 185, in kill_by_pid
    proc = psutil.Process(pid)
           ^^^^^^^^^^^^^^^^^^^
  File "/home/villafapd/Documents/PythonProjects/Elnueve/.venv/lib/python3.11/site-packages/psutil/__init__.py", line 319, in __init__
    self._init(pid)
  File "/home/villafapd/Documents/PythonProjects/Elnueve/.venv/lib/python3.11/site-packages/psutil/__init__.py", line 368, in _init
    raise NoSuchProcess(pid, msg=msg)
psutil.NoSuchProcess: process PID not found (pid=796912)
2025-03-16 09:44:16,658 [ERROR] [utils.py:189 in kill_by_pid] - process PID not found (pid=800431)
Traceback (most recent call last):
  File "/home/villafapd/Documents/PythonProjects/Elnueve/.venv/lib/python3.11/site-packages/psutil/_pslinux.py", line 1716, in wrapper
    return fun(self, *args, **kwargs)
           ^^^^^^^^^^^^^^^^^^^^^^^^^^
  File "/home/villafapd/Documents/PythonProjects/Elnueve/.venv/lib/python3.11/site-packages/psutil/_common.py", line 508, in wrapper
    raise raise_from(err, None)
          ^^^^^^^^^^^^^^^^^^^^^
  File "<string>", line 3, in raise_from
  File "/home/villafapd/Documents/PythonProjects/Elnueve/.venv/lib/python3.11/site-packages/psutil/_common.py", line 506, in wrapper
    return fun(self)
           ^^^^^^^^^
  File "/home/villafapd/Documents/PythonProjects/Elnueve/.venv/lib/python3.11/site-packages/psutil/_pslinux.py", line 1784, in _parse_stat_file
    data = bcat("%s/%s/stat" % (self._procfs_path, self.pid))
           ^^^^^^^^^^^^^^^^^^^^^^^^^^^^^^^^^^^^^^^^^^^^^^^^^^
  File "/home/villafapd/Documents/PythonProjects/Elnueve/.venv/lib/python3.11/site-packages/psutil/_common.py", line 851, in bcat
    return cat(fname, fallback=fallback, _open=open_binary)
           ^^^^^^^^^^^^^^^^^^^^^^^^^^^^^^^^^^^^^^^^^^^^^^^^
  File "/home/villafapd/Documents/PythonProjects/Elnueve/.venv/lib/python3.11/site-packages/psutil/_common.py", line 839, in cat
    with _open(fname) as f:
         ^^^^^^^^^^^^
  File "/home/villafapd/Documents/PythonProjects/Elnueve/.venv/lib/python3.11/site-packages/psutil/_common.py", line 799, in open_binary
    return open(fname, "rb", buffering=FILE_READ_BUFFER_SIZE)
           ^^^^^^^^^^^^^^^^^^^^^^^^^^^^^^^^^^^^^^^^^^^^^^^^^^
FileNotFoundError: [Errno 2] No such file or directory: '/proc/800431/stat'

During handling of the above exception, another exception occurred:

Traceback (most recent call last):
  File "/home/villafapd/Documents/PythonProjects/Elnueve/.venv/lib/python3.11/site-packages/psutil/__init__.py", line 355, in _init
    self._ident = self._get_ident()
                  ^^^^^^^^^^^^^^^^^
  File "/home/villafapd/Documents/PythonProjects/Elnueve/.venv/lib/python3.11/site-packages/psutil/__init__.py", line 396, in _get_ident
    return (self.pid, self.create_time())
                      ^^^^^^^^^^^^^^^^^^
  File "/home/villafapd/Documents/PythonProjects/Elnueve/.venv/lib/python3.11/site-packages/psutil/__init__.py", line 778, in create_time
    self._create_time = self._proc.create_time()
                        ^^^^^^^^^^^^^^^^^^^^^^^^
  File "/home/villafapd/Documents/PythonProjects/Elnueve/.venv/lib/python3.11/site-packages/psutil/_pslinux.py", line 1716, in wrapper
    return fun(self, *args, **kwargs)
           ^^^^^^^^^^^^^^^^^^^^^^^^^^
  File "/home/villafapd/Documents/PythonProjects/Elnueve/.venv/lib/python3.11/site-packages/psutil/_pslinux.py", line 1957, in create_time
    ctime = float(self._parse_stat_file()['create_time'])
                  ^^^^^^^^^^^^^^^^^^^^^^^
  File "/home/villafapd/Documents/PythonProjects/Elnueve/.venv/lib/python3.11/site-packages/psutil/_pslinux.py", line 1730, in wrapper
    raise NoSuchProcess(self.pid, self._name)
psutil.NoSuchProcess: process no longer exists (pid=800431)

During handling of the above exception, another exception occurred:

Traceback (most recent call last):
  File "/home/villafapd/Documents/PythonProjects/Elnueve/.venv/lib/python3.11/site-packages/geckordp/utils.py", line 185, in kill_by_pid
    proc = psutil.Process(pid)
           ^^^^^^^^^^^^^^^^^^^
  File "/home/villafapd/Documents/PythonProjects/Elnueve/.venv/lib/python3.11/site-packages/psutil/__init__.py", line 319, in __init__
    self._init(pid)
  File "/home/villafapd/Documents/PythonProjects/Elnueve/.venv/lib/python3.11/site-packages/psutil/__init__.py", line 368, in _init
    raise NoSuchProcess(pid, msg=msg)
psutil.NoSuchProcess: process PID not found (pid=800431)
